Using pre-set license
Built from '2022.1/staging' branch; Version is '2022.1.16f1 (7321c9670bc2) revision 7545289'; Using compiler version '192829333'; Build Type 'Release'
OS: 'Windows 10  (10.0.19045) 64bit Education' Language: 'en' Physical Memory: 16319 MB
BatchMode: 1, IsHumanControllingUs: 0, StartBugReporterOnCrash: 0, Is64bit: 1, IsPro: 1

COMMAND LINE ARGUMENTS:
C:\Program Files\Unity\Hub\Editor\2022.1.16f1\Editor\Unity.exe
-adb2
-batchMode
-noUpm
-name
AssetImportWorker0
-projectPath
C:/Users/520238/OneDrive - eastsussexcollegegroup/Documents/3D-Project
-logFile
Logs/AssetImportWorker0.log
-srvPort
60193
Successfully changed project path to: C:/Users/520238/OneDrive - eastsussexcollegegroup/Documents/3D-Project
C:/Users/520238/OneDrive - eastsussexcollegegroup/Documents/3D-Project
[UnityMemory] Configuration Parameters - Can be set up in boot.config
    "memorysetup-bucket-allocator-granularity=16"
    "memorysetup-bucket-allocator-bucket-count=8"
    "memorysetup-bucket-allocator-block-size=33554432"
    "memorysetup-bucket-allocator-block-count=8"
    "memorysetup-main-allocator-block-size=16777216"
    "memorysetup-thread-allocator-block-size=16777216"
    "memorysetup-gfx-main-allocator-block-size=16777216"
    "memorysetup-gfx-thread-allocator-block-size=16777216"
    "memorysetup-cache-allocator-block-size=4194304"
    "memorysetup-typetree-allocator-block-size=2097152"
    "memorysetup-profiler-bucket-allocator-granularity=16"
    "memorysetup-profiler-bucket-allocator-bucket-count=8"
    "memorysetup-profiler-bucket-allocator-block-size=33554432"
    "memorysetup-profiler-bucket-allocator-block-count=8"
    "memorysetup-profiler-allocator-block-size=16777216"
    "memorysetup-profiler-editor-allocator-block-size=1048576"
    "memorysetup-temp-allocator-size-main=16777216"
    "memorysetup-job-temp-allocator-block-size=2097152"
    "memorysetup-job-temp-allocator-block-size-background=1048576"
    "memorysetup-job-temp-allocator-reduction-small-platforms=262144"
    "memorysetup-temp-allocator-size-background-worker=32768"
    "memorysetup-temp-allocator-size-job-worker=262144"
    "memorysetup-temp-allocator-size-preload-manager=33554432"
    "memorysetup-temp-allocator-size-nav-mesh-worker=65536"
    "memorysetup-temp-allocator-size-audio-worker=65536"
    "memorysetup-temp-allocator-size-cloud-worker=32768"
    "memorysetup-temp-allocator-size-gi-baking-worker=262144"
    "memorysetup-temp-allocator-size-gfx=262144"
Refreshing native plugins compatible for Editor in 93.26 ms, found 3 plugins.
Preloading 0 native plugins for Editor in 0.00 ms.
Initialize engine version: 2022.1.16f1 (7321c9670bc2)
[Subsystems] Discovering subsystems at path C:/Program Files/Unity/Hub/Editor/2022.1.16f1/Editor/Data/Resources/UnitySubsystems
[Subsystems] Discovering subsystems at path C:/Users/520238/OneDrive - eastsussexcollegegroup/Documents/3D-Project/Assets
GfxDevice: creating device client; threaded=0; jobified=0
Direct3D:
    Version:  Direct3D 11.0 [level 11.1]
    Renderer: NVIDIA GeForce GTX 1650 (ID=0x1f82)
    Vendor:   NVIDIA
    VRAM:     3949 MB
    Driver:   31.0.15.3623
Initialize mono
Mono path[0] = 'C:/Program Files/Unity/Hub/Editor/2022.1.16f1/Editor/Data/Managed'
Mono path[1] = 'C:/Program Files/Unity/Hub/Editor/2022.1.16f1/Editor/Data/MonoBleedingEdge/lib/mono/unityjit-win32'
Mono config path = 'C:/Program Files/Unity/Hub/Editor/2022.1.16f1/Editor/Data/MonoBleedingEdge/etc'
Using monoOptions --debugger-agent=transport=dt_socket,embedding=1,server=y,suspend=n,address=127.0.0.1:56476
Begin MonoManager ReloadAssembly
Registering precompiled unity dll's ...
Register platform support module: C:/Program Files/Unity/Hub/Editor/2022.1.16f1/Editor/Data/PlaybackEngines/WebGLSupport/UnityEditor.WebGL.Extensions.dll
Register platform support module: C:/Program Files/Unity/Hub/Editor/2022.1.16f1/Editor/Data/PlaybackEngines/MacStandaloneSupport/UnityEditor.OSXStandalone.Extensions.dll
Register platform support module: C:/Program Files/Unity/Hub/Editor/2022.1.16f1/Editor/Data/PlaybackEngines/AndroidPlayer/UnityEditor.Android.Extensions.dll
Register platform support module: C:/Program Files/Unity/Hub/Editor/2022.1.16f1/Editor/Data/PlaybackEngines/iOSSupport/UnityEditor.iOS.Extensions.dll
Register platform support module: C:/Program Files/Unity/Hub/Editor/2022.1.16f1/Editor/Data/PlaybackEngines/AppleTVSupport/UnityEditor.AppleTV.Extensions.dll
Register platform support module: C:/Program Files/Unity/Hub/Editor/2022.1.16f1/Editor/Data/PlaybackEngines/WindowsStandaloneSupport/UnityEditor.WindowsStandalone.Extensions.dll
Register platform support module: C:/Program Files/Unity/Hub/Editor/2022.1.16f1/Editor/Data/PlaybackEngines/LinuxStandaloneSupport/UnityEditor.LinuxStandalone.Extensions.dll
Register platform support module: C:/Program Files/Unity/Hub/Editor/2022.1.16f1/Editor/Data/PlaybackEngines/MetroSupport/UnityEditor.UWP.Extensions.dll
Registered in 0.045109 seconds.
Native extension for UWP target not found
Native extension for LinuxStandalone target not found
Native extension for WindowsStandalone target not found
[usbmuxd] Start listen thread
[usbmuxd] Listen thread started
Native extension for AppleTV target not found
[usbmuxd] Start listen thread
[usbmuxd] Listen thread started
Native extension for iOS target not found
Native extension for Android target not found
Native extension for OSXStandalone target not found
Native extension for WebGL target not found
Refreshing native plugins compatible for Editor in 84.10 ms, found 3 plugins.
Preloading 0 native plugins for Editor in 0.00 ms.
Mono: successfully reloaded assembly
- Completed reload, in  1.224 seconds
Domain Reload Profiling:
	ReloadAssembly (1225ms)
		BeginReloadAssembly (173ms)
			ExecutionOrderSort (0ms)
			DisableScriptedObjects (0ms)
			BackupInstance (0ms)
			ReleaseScriptingObjects (0ms)
			CreateAndSetChildDomain (1ms)
		EndReloadAssembly (822ms)
			LoadAssemblies (170ms)
			RebuildTransferFunctionScriptingTraits (0ms)
			SetupTypeCache (188ms)
				TypeCache.Initialize (187ms)
					TypeCache.ScanAssembly (185ms)
				ResolveRequiredComponents (1ms)
			ReleaseScriptCaches (0ms)
			RebuildScriptCaches (39ms)
			SetupLoadedEditorAssemblies (492ms)
				LogAssemblyErrors (0ms)
				InitializePlatformSupportModulesInManaged (137ms)
				SetLoadedEditorAssemblies (13ms)
				RefreshPlugins (84ms)
				BeforeProcessingInitializeOnLoad (2ms)
				ProcessInitializeOnLoadAttributes (176ms)
				ProcessInitializeOnLoadMethodAttributes (81ms)
				AfterProcessingInitializeOnLoad (0ms)
				EditorAssembliesLoaded (0ms)
			ExecutionOrderSort2 (0ms)
			AwakeInstancesAfterBackupRestoration (0ms)
Platform modules already initialized, skipping
Registering precompiled user dll's ...
Registered in 0.020346 seconds.
Begin MonoManager ReloadAssembly
Native extension for UWP target not found
Native extension for LinuxStandalone target not found
Native extension for WindowsStandalone target not found
Native extension for AppleTV target not found
Native extension for iOS target not found
Native extension for Android target not found
Native extension for OSXStandalone target not found
Native extension for WebGL target not found
Refreshing native plugins compatible for Editor in 0.65 ms, found 3 plugins.
Preloading 0 native plugins for Editor in 0.00 ms.
Mono: successfully reloaded assembly
- Completed reload, in  2.080 seconds
Domain Reload Profiling:
	ReloadAssembly (2082ms)
		BeginReloadAssembly (248ms)
			ExecutionOrderSort (0ms)
			DisableScriptedObjects (10ms)
			BackupInstance (0ms)
			ReleaseScriptingObjects (0ms)
			CreateAndSetChildDomain (31ms)
		EndReloadAssembly (1601ms)
			LoadAssemblies (203ms)
			RebuildTransferFunctionScriptingTraits (0ms)
			SetupTypeCache (427ms)
				TypeCache.Initialize (414ms)
					TypeCache.ScanAssembly (407ms)
				ResolveRequiredComponents (13ms)
			ReleaseScriptCaches (1ms)
			RebuildScriptCaches (99ms)
			SetupLoadedEditorAssemblies (788ms)
				LogAssemblyErrors (0ms)
				InitializePlatformSupportModulesInManaged (89ms)
				SetLoadedEditorAssemblies (10ms)
				RefreshPlugins (1ms)
				BeforeProcessingInitializeOnLoad (135ms)
				ProcessInitializeOnLoadAttributes (489ms)
				ProcessInitializeOnLoadMethodAttributes (29ms)
				AfterProcessingInitializeOnLoad (36ms)
				EditorAssembliesLoaded (0ms)
			ExecutionOrderSort2 (0ms)
			AwakeInstancesAfterBackupRestoration (9ms)
Platform modules already initialized, skipping
========================================================================
Worker process is ready to serve import requests
Launched and connected shader compiler UnityShaderCompiler.exe after 0.10 seconds
Refreshing native plugins compatible for Editor in 0.93 ms, found 3 plugins.
Preloading 0 native plugins for Editor in 0.00 ms.
Unloading 3105 Unused Serialized files (Serialized files now loaded: 0)
Unloading 23 unused Assets / (58.8 KB). Loaded Objects now: 3577.
Memory consumption went from 483.4 MB to 483.4 MB.
Total: 4.238800 ms (FindLiveObjects: 0.365300 ms CreateObjectMapping: 0.254000 ms MarkObjects: 3.495600 ms  DeleteObjects: 0.122000 ms)

AssetImportParameters requested are different than current active one (requested -> active):
  custom:video-decoder-ogg-theora: a1e56fd34408186e4bbccfd4996cb3dc -> 
  custom:container-muxer-webm: aa71ff27fc2769a1b78a27578f13a17b -> 
  custom:container-demuxer-webm: 4f35f7cbe854078d1ac9338744f61a02 -> 
  custom:video-encoder-webm-vp8: eb34c28f22e8b96e1ab97ce403110664 -> 
  custom:audio-encoder-webm-vorbis: bf7c407c2cedff20999df2af8eb42d56 -> 
  custom:framework-win-MediaFoundation: 216162199b28c13a410421893ffa2e32 -> 
  custom:container-demuxer-ogg: 62fdf1f143b41e24485cea50d1cbac27 -> 
  custom:video-decoder-webm-vp8: 9c59270c3fd7afecdb556c50c9e8de78 -> 
  custom:audio-decoder-ogg-vorbis: bf7c407c2cedff20999df2af8eb42d56 -> 
========================================================================
Received Import Request.
  Time since last request: 437494.904793 seconds.
  path: Assets/Scenes/Menu.unity
  artifactKey: Guid(64dcefe921a352341a3203dbc449ddc1) Importer(815301076,1909f56bfc062723c751e8b465ee728b)
Start importing Assets/Scenes/Menu.unity using Guid(64dcefe921a352341a3203dbc449ddc1) Importer(815301076,1909f56bfc062723c751e8b465ee728b)  -> (artifact id: 'b2a8098bdb2be611e31c36435d07e822') in 0.025591 seconds 
========================================================================
Received Import Request.
  Time since last request: 133.761720 seconds.
  path: Assets/Scripts/Button sound.cs
  artifactKey: Guid(6f6a3293e6cceee48ac4faff774b2623) Importer(815301076,1909f56bfc062723c751e8b465ee728b)
Start importing Assets/Scripts/Button sound.cs using Guid(6f6a3293e6cceee48ac4faff774b2623) Importer(815301076,1909f56bfc062723c751e8b465ee728b)  -> (artifact id: '5219b77f1c0a4855836aaa7286c5c16e') in 0.123963 seconds 
========================================================================
Received Prepare
Registering precompiled user dll's ...
Registered in 0.015804 seconds.
Begin MonoManager ReloadAssembly
Native extension for UWP target not found
Native extension for LinuxStandalone target not found
Native extension for WindowsStandalone target not found
Native extension for AppleTV target not found
Native extension for iOS target not found
Native extension for Android target not found
Native extension for OSXStandalone target not found
Native extension for WebGL target not found
Refreshing native plugins compatible for Editor in 0.58 ms, found 3 plugins.
Preloading 0 native plugins for Editor in 0.00 ms.
Mono: successfully reloaded assembly
- Completed reload, in  1.521 seconds
Domain Reload Profiling:
	ReloadAssembly (1522ms)
		BeginReloadAssembly (207ms)
			ExecutionOrderSort (0ms)
			DisableScriptedObjects (6ms)
			BackupInstance (0ms)
			ReleaseScriptingObjects (0ms)
			CreateAndSetChildDomain (38ms)
		EndReloadAssembly (1146ms)
			LoadAssemblies (162ms)
			RebuildTransferFunctionScriptingTraits (0ms)
			SetupTypeCache (319ms)
				TypeCache.Initialize (314ms)
					TypeCache.ScanAssembly (306ms)
				ResolveRequiredComponents (5ms)
			ReleaseScriptCaches (1ms)
			RebuildScriptCaches (47ms)
			SetupLoadedEditorAssemblies (582ms)
				LogAssemblyErrors (0ms)
				InitializePlatformSupportModulesInManaged (85ms)
				SetLoadedEditorAssemblies (10ms)
				RefreshPlugins (1ms)
				BeforeProcessingInitializeOnLoad (96ms)
				ProcessInitializeOnLoadAttributes (336ms)
				ProcessInitializeOnLoadMethodAttributes (20ms)
				AfterProcessingInitializeOnLoad (34ms)
				EditorAssembliesLoaded (0ms)
			ExecutionOrderSort2 (0ms)
			AwakeInstancesAfterBackupRestoration (8ms)
Platform modules already initialized, skipping
Refreshing native plugins compatible for Editor in 3.60 ms, found 3 plugins.
Preloading 0 native plugins for Editor in 0.00 ms.
Unloading 3085 Unused Serialized files (Serialized files now loaded: 0)
Unloading 16 unused Assets / (25.4 KB). Loaded Objects now: 3581.
Memory consumption went from 479.4 MB to 479.4 MB.
Total: 3.637200 ms (FindLiveObjects: 0.272200 ms CreateObjectMapping: 0.085500 ms MarkObjects: 3.209300 ms  DeleteObjects: 0.068900 ms)

AssetImportParameters requested are different than current active one (requested -> active):
  custom:video-decoder-ogg-theora: a1e56fd34408186e4bbccfd4996cb3dc -> 
  custom:container-muxer-webm: aa71ff27fc2769a1b78a27578f13a17b -> 
  custom:container-demuxer-webm: 4f35f7cbe854078d1ac9338744f61a02 -> 
  custom:video-encoder-webm-vp8: eb34c28f22e8b96e1ab97ce403110664 -> 
  custom:audio-encoder-webm-vorbis: bf7c407c2cedff20999df2af8eb42d56 -> 
  custom:framework-win-MediaFoundation: 216162199b28c13a410421893ffa2e32 -> 
  custom:container-demuxer-ogg: 62fdf1f143b41e24485cea50d1cbac27 -> 
  custom:video-decoder-webm-vp8: 9c59270c3fd7afecdb556c50c9e8de78 -> 
  custom:audio-decoder-ogg-vorbis: bf7c407c2cedff20999df2af8eb42d56 -> 
========================================================================
Received Prepare
Registering precompiled user dll's ...
Registered in 0.016928 seconds.
Begin MonoManager ReloadAssembly
Native extension for UWP target not found
Native extension for LinuxStandalone target not found
Native extension for WindowsStandalone target not found
Native extension for AppleTV target not found
Native extension for iOS target not found
Native extension for Android target not found
Native extension for OSXStandalone target not found
Native extension for WebGL target not found
Refreshing native plugins compatible for Editor in 0.61 ms, found 3 plugins.
Preloading 0 native plugins for Editor in 0.00 ms.
Mono: successfully reloaded assembly
- Completed reload, in  1.996 seconds
Domain Reload Profiling:
	ReloadAssembly (1999ms)
		BeginReloadAssembly (325ms)
			ExecutionOrderSort (0ms)
			DisableScriptedObjects (28ms)
			BackupInstance (0ms)
			ReleaseScriptingObjects (0ms)
			CreateAndSetChildDomain (63ms)
		EndReloadAssembly (1479ms)
			LoadAssemblies (228ms)
			RebuildTransferFunctionScriptingTraits (0ms)
			SetupTypeCache (429ms)
				TypeCache.Initialize (423ms)
					TypeCache.ScanAssembly (415ms)
				ResolveRequiredComponents (5ms)
			ReleaseScriptCaches (1ms)
			RebuildScriptCaches (57ms)
			SetupLoadedEditorAssemblies (706ms)
				LogAssemblyErrors (0ms)
				InitializePlatformSupportModulesInManaged (85ms)
				SetLoadedEditorAssemblies (8ms)
				RefreshPlugins (1ms)
				BeforeProcessingInitializeOnLoad (115ms)
				ProcessInitializeOnLoadAttributes (427ms)
				ProcessInitializeOnLoadMethodAttributes (26ms)
				AfterProcessingInitializeOnLoad (45ms)
				EditorAssembliesLoaded (0ms)
			ExecutionOrderSort2 (0ms)
			AwakeInstancesAfterBackupRestoration (24ms)
Platform modules already initialized, skipping
Refreshing native plugins compatible for Editor in 3.88 ms, found 3 plugins.
Preloading 0 native plugins for Editor in 0.00 ms.
Unloading 3085 Unused Serialized files (Serialized files now loaded: 0)
Unloading 17 unused Assets / (32.6 KB). Loaded Objects now: 3583.
Memory consumption went from 479.5 MB to 479.5 MB.
Total: 4.997300 ms (FindLiveObjects: 0.339100 ms CreateObjectMapping: 0.416200 ms MarkObjects: 4.180600 ms  DeleteObjects: 0.059900 ms)

AssetImportParameters requested are different than current active one (requested -> active):
  custom:video-decoder-ogg-theora: a1e56fd34408186e4bbccfd4996cb3dc -> 
  custom:container-muxer-webm: aa71ff27fc2769a1b78a27578f13a17b -> 
  custom:container-demuxer-webm: 4f35f7cbe854078d1ac9338744f61a02 -> 
  custom:video-encoder-webm-vp8: eb34c28f22e8b96e1ab97ce403110664 -> 
  custom:audio-encoder-webm-vorbis: bf7c407c2cedff20999df2af8eb42d56 -> 
  custom:framework-win-MediaFoundation: 216162199b28c13a410421893ffa2e32 -> 
  custom:container-demuxer-ogg: 62fdf1f143b41e24485cea50d1cbac27 -> 
  custom:video-decoder-webm-vp8: 9c59270c3fd7afecdb556c50c9e8de78 -> 
  custom:audio-decoder-ogg-vorbis: bf7c407c2cedff20999df2af8eb42d56 -> 
========================================================================
Received Import Request.
  Time since last request: 287.987887 seconds.
  path: Assets/Scripts/UIAudio.cs
  artifactKey: Guid(f7f947241d1a7be4ea0b593714095562) Importer(815301076,1909f56bfc062723c751e8b465ee728b)
Start importing Assets/Scripts/UIAudio.cs using Guid(f7f947241d1a7be4ea0b593714095562) Importer(815301076,1909f56bfc062723c751e8b465ee728b)  -> (artifact id: '2d92df7cc2968cd36f189ea76e608571') in 0.015458 seconds 
========================================================================
Received Prepare
Registering precompiled user dll's ...
Registered in 0.015117 seconds.
Begin MonoManager ReloadAssembly
Native extension for UWP target not found
Native extension for LinuxStandalone target not found
Native extension for WindowsStandalone target not found
Native extension for AppleTV target not found
Native extension for iOS target not found
Native extension for Android target not found
Native extension for OSXStandalone target not found
Native extension for WebGL target not found
Refreshing native plugins compatible for Editor in 0.64 ms, found 3 plugins.
Preloading 0 native plugins for Editor in 0.00 ms.
Mono: successfully reloaded assembly
- Completed reload, in  1.558 seconds
Domain Reload Profiling:
	ReloadAssembly (1560ms)
		BeginReloadAssembly (226ms)
			ExecutionOrderSort (0ms)
			DisableScriptedObjects (7ms)
			BackupInstance (0ms)
			ReleaseScriptingObjects (0ms)
			CreateAndSetChildDomain (42ms)
		EndReloadAssembly (1177ms)
			LoadAssemblies (168ms)
			RebuildTransferFunctionScriptingTraits (0ms)
			SetupTypeCache (339ms)
				TypeCache.Initialize (334ms)
					TypeCache.ScanAssembly (327ms)
				ResolveRequiredComponents (5ms)
			ReleaseScriptCaches (1ms)
			RebuildScriptCaches (50ms)
			SetupLoadedEditorAssemblies (592ms)
				LogAssemblyErrors (0ms)
				InitializePlatformSupportModulesInManaged (90ms)
				SetLoadedEditorAssemblies (7ms)
				RefreshPlugins (1ms)
				BeforeProcessingInitializeOnLoad (103ms)
				ProcessInitializeOnLoadAttributes (336ms)
				ProcessInitializeOnLoadMethodAttributes (21ms)
				AfterProcessingInitializeOnLoad (34ms)
				EditorAssembliesLoaded (0ms)
			ExecutionOrderSort2 (0ms)
			AwakeInstancesAfterBackupRestoration (8ms)
Platform modules already initialized, skipping
Refreshing native plugins compatible for Editor in 2.87 ms, found 3 plugins.
Preloading 0 native plugins for Editor in 0.00 ms.
Unloading 3085 Unused Serialized files (Serialized files now loaded: 0)
Unloading 16 unused Assets / (25.4 KB). Loaded Objects now: 3587.
Memory consumption went from 479.4 MB to 479.4 MB.
Total: 6.048900 ms (FindLiveObjects: 0.362300 ms CreateObjectMapping: 0.256500 ms MarkObjects: 5.375000 ms  DeleteObjects: 0.053300 ms)

AssetImportParameters requested are different than current active one (requested -> active):
  custom:video-decoder-ogg-theora: a1e56fd34408186e4bbccfd4996cb3dc -> 
  custom:container-muxer-webm: aa71ff27fc2769a1b78a27578f13a17b -> 
  custom:container-demuxer-webm: 4f35f7cbe854078d1ac9338744f61a02 -> 
  custom:video-encoder-webm-vp8: eb34c28f22e8b96e1ab97ce403110664 -> 
  custom:audio-encoder-webm-vorbis: bf7c407c2cedff20999df2af8eb42d56 -> 
  custom:framework-win-MediaFoundation: 216162199b28c13a410421893ffa2e32 -> 
  custom:container-demuxer-ogg: 62fdf1f143b41e24485cea50d1cbac27 -> 
  custom:video-decoder-webm-vp8: 9c59270c3fd7afecdb556c50c9e8de78 -> 
  custom:audio-decoder-ogg-vorbis: bf7c407c2cedff20999df2af8eb42d56 -> 
========================================================================
Received Import Request.
  Time since last request: 39.150213 seconds.
  path: Assets/Scripts/UIAudio.cs
  artifactKey: Guid(f7f947241d1a7be4ea0b593714095562) Importer(815301076,1909f56bfc062723c751e8b465ee728b)
Start importing Assets/Scripts/UIAudio.cs using Guid(f7f947241d1a7be4ea0b593714095562) Importer(815301076,1909f56bfc062723c751e8b465ee728b)  -> (artifact id: '5963afcdc69f37374b4bffbd6fc926c6') in 1.032273 seconds 
========================================================================
Received Prepare
Registering precompiled user dll's ...
Registered in 0.013957 seconds.
Begin MonoManager ReloadAssembly
Native extension for UWP target not found
Native extension for LinuxStandalone target not found
Native extension for WindowsStandalone target not found
Native extension for AppleTV target not found
Native extension for iOS target not found
Native extension for Android target not found
Native extension for OSXStandalone target not found
Native extension for WebGL target not found
Refreshing native plugins compatible for Editor in 0.61 ms, found 3 plugins.
Preloading 0 native plugins for Editor in 0.00 ms.
Mono: successfully reloaded assembly
- Completed reload, in  1.606 seconds
Domain Reload Profiling:
	ReloadAssembly (1608ms)
		BeginReloadAssembly (235ms)
			ExecutionOrderSort (0ms)
			DisableScriptedObjects (7ms)
			BackupInstance (0ms)
			ReleaseScriptingObjects (0ms)
			CreateAndSetChildDomain (47ms)
		EndReloadAssembly (1206ms)
			LoadAssemblies (182ms)
			RebuildTransferFunctionScriptingTraits (0ms)
			SetupTypeCache (327ms)
				TypeCache.Initialize (322ms)
					TypeCache.ScanAssembly (314ms)
				ResolveRequiredComponents (5ms)
			ReleaseScriptCaches (1ms)
			RebuildScriptCaches (54ms)
			SetupLoadedEditorAssemblies (602ms)
				LogAssemblyErrors (0ms)
				InitializePlatformSupportModulesInManaged (99ms)
				SetLoadedEditorAssemblies (8ms)
				RefreshPlugins (1ms)
				BeforeProcessingInitializeOnLoad (103ms)
				ProcessInitializeOnLoadAttributes (332ms)
				ProcessInitializeOnLoadMethodAttributes (24ms)
				AfterProcessingInitializeOnLoad (36ms)
				EditorAssembliesLoaded (0ms)
			ExecutionOrderSort2 (0ms)
			AwakeInstancesAfterBackupRestoration (7ms)
Platform modules already initialized, skipping
Refreshing native plugins compatible for Editor in 2.75 ms, found 3 plugins.
Preloading 0 native plugins for Editor in 0.00 ms.
Unloading 3085 Unused Serialized files (Serialized files now loaded: 0)
Unloading 16 unused Assets / (25.4 KB). Loaded Objects now: 3590.
Memory consumption went from 479.4 MB to 479.4 MB.
Total: 3.894700 ms (FindLiveObjects: 0.286600 ms CreateObjectMapping: 0.097400 ms MarkObjects: 3.477800 ms  DeleteObjects: 0.031700 ms)

AssetImportParameters requested are different than current active one (requested -> active):
  custom:video-decoder-ogg-theora: a1e56fd34408186e4bbccfd4996cb3dc -> 
  custom:container-muxer-webm: aa71ff27fc2769a1b78a27578f13a17b -> 
  custom:container-demuxer-webm: 4f35f7cbe854078d1ac9338744f61a02 -> 
  custom:video-encoder-webm-vp8: eb34c28f22e8b96e1ab97ce403110664 -> 
  custom:audio-encoder-webm-vorbis: bf7c407c2cedff20999df2af8eb42d56 -> 
  custom:framework-win-MediaFoundation: 216162199b28c13a410421893ffa2e32 -> 
  custom:container-demuxer-ogg: 62fdf1f143b41e24485cea50d1cbac27 -> 
  custom:video-decoder-webm-vp8: 9c59270c3fd7afecdb556c50c9e8de78 -> 
  custom:audio-decoder-ogg-vorbis: bf7c407c2cedff20999df2af8eb42d56 -> 
========================================================================
Received Import Request.
  Time since last request: 443.386579 seconds.
  path: Assets/Scripts/Brick Snap.ogg
  artifactKey: Guid(5d949f547c03a024e9aa72273a5cd7c2) Importer(815301076,1909f56bfc062723c751e8b465ee728b)
Start importing Assets/Scripts/Brick Snap.ogg using Guid(5d949f547c03a024e9aa72273a5cd7c2) Importer(815301076,1909f56bfc062723c751e8b465ee728b)  -> (artifact id: 'ee7c9d1024782eeb4a1b474b22099439') in 0.221956 seconds 
========================================================================
Received Prepare
Registering precompiled user dll's ...
Registered in 0.013484 seconds.
Begin MonoManager ReloadAssembly
Native extension for UWP target not found
Native extension for LinuxStandalone target not found
Native extension for WindowsStandalone target not found
Native extension for AppleTV target not found
Native extension for iOS target not found
Native extension for Android target not found
Native extension for OSXStandalone target not found
Native extension for WebGL target not found
Refreshing native plugins compatible for Editor in 0.80 ms, found 3 plugins.
Preloading 0 native plugins for Editor in 0.00 ms.
Mono: successfully reloaded assembly
- Completed reload, in  1.843 seconds
Domain Reload Profiling:
	ReloadAssembly (1845ms)
		BeginReloadAssembly (266ms)
			ExecutionOrderSort (0ms)
			DisableScriptedObjects (8ms)
			BackupInstance (0ms)
			ReleaseScriptingObjects (0ms)
			CreateAndSetChildDomain (50ms)
		EndReloadAssembly (1395ms)
			LoadAssemblies (213ms)
			RebuildTransferFunctionScriptingTraits (0ms)
			SetupTypeCache (418ms)
				TypeCache.Initialize (411ms)
					TypeCache.ScanAssembly (403ms)
				ResolveRequiredComponents (7ms)
			ReleaseScriptCaches (2ms)
			RebuildScriptCaches (54ms)
			SetupLoadedEditorAssemblies (677ms)
				LogAssemblyErrors (0ms)
				InitializePlatformSupportModulesInManaged (95ms)
				SetLoadedEditorAssemblies (9ms)
				RefreshPlugins (1ms)
				BeforeProcessingInitializeOnLoad (106ms)
				ProcessInitializeOnLoadAttributes (402ms)
				ProcessInitializeOnLoadMethodAttributes (25ms)
				AfterProcessingInitializeOnLoad (39ms)
				EditorAssembliesLoaded (0ms)
			ExecutionOrderSort2 (0ms)
			AwakeInstancesAfterBackupRestoration (10ms)
Platform modules already initialized, skipping
Refreshing native plugins compatible for Editor in 3.91 ms, found 3 plugins.
Preloading 0 native plugins for Editor in 0.00 ms.
Unloading 3085 Unused Serialized files (Serialized files now loaded: 0)
Unloading 16 unused Assets / (25.4 KB). Loaded Objects now: 3603.
Memory consumption went from 483.8 MB to 483.8 MB.
Total: 4.109000 ms (FindLiveObjects: 0.315500 ms CreateObjectMapping: 0.244600 ms MarkObjects: 3.513400 ms  DeleteObjects: 0.034100 ms)

AssetImportParameters requested are different than current active one (requested -> active):
  custom:video-decoder-ogg-theora: a1e56fd34408186e4bbccfd4996cb3dc -> 
  custom:container-muxer-webm: aa71ff27fc2769a1b78a27578f13a17b -> 
  custom:container-demuxer-webm: 4f35f7cbe854078d1ac9338744f61a02 -> 
  custom:video-encoder-webm-vp8: eb34c28f22e8b96e1ab97ce403110664 -> 
  custom:audio-encoder-webm-vorbis: bf7c407c2cedff20999df2af8eb42d56 -> 
  custom:framework-win-MediaFoundation: 216162199b28c13a410421893ffa2e32 -> 
  custom:container-demuxer-ogg: 62fdf1f143b41e24485cea50d1cbac27 -> 
  custom:video-decoder-webm-vp8: 9c59270c3fd7afecdb556c50c9e8de78 -> 
  custom:audio-decoder-ogg-vorbis: bf7c407c2cedff20999df2af8eb42d56 -> 
========================================================================
Received Prepare
Registering precompiled user dll's ...
Registered in 0.013226 seconds.
Begin MonoManager ReloadAssembly
Native extension for UWP target not found
Native extension for LinuxStandalone target not found
Native extension for WindowsStandalone target not found
Native extension for AppleTV target not found
Native extension for iOS target not found
Native extension for Android target not found
Native extension for OSXStandalone target not found
Native extension for WebGL target not found
Refreshing native plugins compatible for Editor in 0.93 ms, found 3 plugins.
Preloading 0 native plugins for Editor in 0.00 ms.
Mono: successfully reloaded assembly
- Completed reload, in  1.846 seconds
Domain Reload Profiling:
	ReloadAssembly (1847ms)
		BeginReloadAssembly (240ms)
			ExecutionOrderSort (0ms)
			DisableScriptedObjects (6ms)
			BackupInstance (0ms)
			ReleaseScriptingObjects (0ms)
			CreateAndSetChildDomain (45ms)
		EndReloadAssembly (1413ms)
			LoadAssemblies (191ms)
			RebuildTransferFunctionScriptingTraits (0ms)
			SetupTypeCache (407ms)
				TypeCache.Initialize (401ms)
					TypeCache.ScanAssembly (392ms)
				ResolveRequiredComponents (6ms)
			ReleaseScriptCaches (2ms)
			RebuildScriptCaches (53ms)
			SetupLoadedEditorAssemblies (717ms)
				LogAssemblyErrors (0ms)
				InitializePlatformSupportModulesInManaged (104ms)
				SetLoadedEditorAssemblies (9ms)
				RefreshPlugins (1ms)
				BeforeProcessingInitializeOnLoad (119ms)
				ProcessInitializeOnLoadAttributes (417ms)
				ProcessInitializeOnLoadMethodAttributes (28ms)
				AfterProcessingInitializeOnLoad (40ms)
				EditorAssembliesLoaded (0ms)
			ExecutionOrderSort2 (0ms)
			AwakeInstancesAfterBackupRestoration (9ms)
Platform modules already initialized, skipping
Refreshing native plugins compatible for Editor in 3.82 ms, found 3 plugins.
Preloading 0 native plugins for Editor in 0.00 ms.
Unloading 3086 Unused Serialized files (Serialized files now loaded: 0)
Unloading 16 unused Assets / (32.5 KB). Loaded Objects now: 3606.
Memory consumption went from 484.1 MB to 484.0 MB.
Total: 3.520900 ms (FindLiveObjects: 0.292600 ms CreateObjectMapping: 0.155600 ms MarkObjects: 3.022200 ms  DeleteObjects: 0.049100 ms)

AssetImportParameters requested are different than current active one (requested -> active):
  custom:video-decoder-ogg-theora: a1e56fd34408186e4bbccfd4996cb3dc -> 
  custom:container-muxer-webm: aa71ff27fc2769a1b78a27578f13a17b -> 
  custom:container-demuxer-webm: 4f35f7cbe854078d1ac9338744f61a02 -> 
  custom:video-encoder-webm-vp8: eb34c28f22e8b96e1ab97ce403110664 -> 
  custom:audio-encoder-webm-vorbis: bf7c407c2cedff20999df2af8eb42d56 -> 
  custom:framework-win-MediaFoundation: 216162199b28c13a410421893ffa2e32 -> 
  custom:container-demuxer-ogg: 62fdf1f143b41e24485cea50d1cbac27 -> 
  custom:video-decoder-webm-vp8: 9c59270c3fd7afecdb556c50c9e8de78 -> 
  custom:audio-decoder-ogg-vorbis: bf7c407c2cedff20999df2af8eb42d56 -> 
========================================================================
Received Prepare
Registering precompiled user dll's ...
Registered in 0.017429 seconds.
Begin MonoManager ReloadAssembly
Native extension for UWP target not found
Native extension for LinuxStandalone target not found
Native extension for WindowsStandalone target not found
Native extension for AppleTV target not found
Native extension for iOS target not found
Native extension for Android target not found
Native extension for OSXStandalone target not found
Native extension for WebGL target not found
Refreshing native plugins compatible for Editor in 0.63 ms, found 3 plugins.
Preloading 0 native plugins for Editor in 0.00 ms.
Mono: successfully reloaded assembly
- Completed reload, in  1.521 seconds
Domain Reload Profiling:
	ReloadAssembly (1522ms)
		BeginReloadAssembly (209ms)
			ExecutionOrderSort (0ms)
			DisableScriptedObjects (6ms)
			BackupInstance (0ms)
			ReleaseScriptingObjects (0ms)
			CreateAndSetChildDomain (38ms)
		EndReloadAssembly (1153ms)
			LoadAssemblies (164ms)
			RebuildTransferFunctionScriptingTraits (0ms)
			SetupTypeCache (328ms)
				TypeCache.Initialize (323ms)
					TypeCache.ScanAssembly (317ms)
				ResolveRequiredComponents (5ms)
			ReleaseScriptCaches (1ms)
			RebuildScriptCaches (47ms)
			SetupLoadedEditorAssemblies (577ms)
				LogAssemblyErrors (0ms)
				InitializePlatformSupportModulesInManaged (83ms)
				SetLoadedEditorAssemblies (8ms)
				RefreshPlugins (1ms)
				BeforeProcessingInitializeOnLoad (94ms)
				ProcessInitializeOnLoadAttributes (335ms)
				ProcessInitializeOnLoadMethodAttributes (22ms)
				AfterProcessingInitializeOnLoad (34ms)
				EditorAssembliesLoaded (0ms)
			ExecutionOrderSort2 (0ms)
			AwakeInstancesAfterBackupRestoration (8ms)
Platform modules already initialized, skipping
Refreshing native plugins compatible for Editor in 3.35 ms, found 3 plugins.
Preloading 0 native plugins for Editor in 0.00 ms.
Unloading 3086 Unused Serialized files (Serialized files now loaded: 0)
Unloading 16 unused Assets / (32.5 KB). Loaded Objects now: 3609.
Memory consumption went from 484.1 MB to 484.1 MB.
Total: 4.047400 ms (FindLiveObjects: 0.333200 ms CreateObjectMapping: 0.141900 ms MarkObjects: 3.535900 ms  DeleteObjects: 0.034700 ms)

AssetImportParameters requested are different than current active one (requested -> active):
  custom:video-decoder-ogg-theora: a1e56fd34408186e4bbccfd4996cb3dc -> 
  custom:container-muxer-webm: aa71ff27fc2769a1b78a27578f13a17b -> 
  custom:container-demuxer-webm: 4f35f7cbe854078d1ac9338744f61a02 -> 
  custom:video-encoder-webm-vp8: eb34c28f22e8b96e1ab97ce403110664 -> 
  custom:audio-encoder-webm-vorbis: bf7c407c2cedff20999df2af8eb42d56 -> 
  custom:framework-win-MediaFoundation: 216162199b28c13a410421893ffa2e32 -> 
  custom:container-demuxer-ogg: 62fdf1f143b41e24485cea50d1cbac27 -> 
  custom:video-decoder-webm-vp8: 9c59270c3fd7afecdb556c50c9e8de78 -> 
  custom:audio-decoder-ogg-vorbis: bf7c407c2cedff20999df2af8eb42d56 -> 
========================================================================
Received Import Request.
  Time since last request: 207.150718 seconds.
  path: Assets/Scenes/Level1.unity
  artifactKey: Guid(9fc0d4010bbf28b4594072e72b8655ab) Importer(815301076,1909f56bfc062723c751e8b465ee728b)
Start importing Assets/Scenes/Level1.unity using Guid(9fc0d4010bbf28b4594072e72b8655ab) Importer(815301076,1909f56bfc062723c751e8b465ee728b)  -> (artifact id: 'ed2f40b7433e6e9f7198dd5277755140') in 0.134103 seconds 
========================================================================
Received Import Request.
  Time since last request: 3.559875 seconds.
  path: Assets/Scenes/Menu.unity
  artifactKey: Guid(64dcefe921a352341a3203dbc449ddc1) Importer(815301076,1909f56bfc062723c751e8b465ee728b)
Start importing Assets/Scenes/Menu.unity using Guid(64dcefe921a352341a3203dbc449ddc1) Importer(815301076,1909f56bfc062723c751e8b465ee728b)  -> (artifact id: 'bfa485bfb605d915a6389fc1775a0516') in 0.015178 seconds 
========================================================================
Received Import Request.
  Time since last request: 8.384518 seconds.
  path: Assets/Scenes/Settings.unity
  artifactKey: Guid(aa325004db8702e459a5a93057518667) Importer(815301076,1909f56bfc062723c751e8b465ee728b)
Start importing Assets/Scenes/Settings.unity using Guid(aa325004db8702e459a5a93057518667) Importer(815301076,1909f56bfc062723c751e8b465ee728b)  -> (artifact id: 'fd9ba3f145ee0c20e9f86bed61ab28d8') in 0.017188 seconds 
========================================================================
Received Import Request.
  Time since last request: 7.870863 seconds.
  path: Assets/Scenes/Settings.unity
  artifactKey: Guid(aa325004db8702e459a5a93057518667) Importer(815301076,1909f56bfc062723c751e8b465ee728b)
Start importing Assets/Scenes/Settings.unity using Guid(aa325004db8702e459a5a93057518667) Importer(815301076,1909f56bfc062723c751e8b465ee728b)  -> (artifact id: 'e3f6a12af3113fa59e150b89ca76bab4') in 0.006620 seconds 
========================================================================
Received Prepare
Registering precompiled user dll's ...
Registered in 0.017810 seconds.
Begin MonoManager ReloadAssembly
Native extension for UWP target not found
Native extension for LinuxStandalone target not found
Native extension for WindowsStandalone target not found
Native extension for AppleTV target not found
Native extension for iOS target not found
Native extension for Android target not found
Native extension for OSXStandalone target not found
Native extension for WebGL target not found
Refreshing native plugins compatible for Editor in 0.61 ms, found 3 plugins.
Preloading 0 native plugins for Editor in 0.00 ms.
Mono: successfully reloaded assembly
- Completed reload, in  1.668 seconds
Domain Reload Profiling:
	ReloadAssembly (1669ms)
		BeginReloadAssembly (232ms)
			ExecutionOrderSort (0ms)
			DisableScriptedObjects (6ms)
			BackupInstance (0ms)
			ReleaseScriptingObjects (0ms)
			CreateAndSetChildDomain (44ms)
		EndReloadAssembly (1274ms)
			LoadAssemblies (186ms)
			RebuildTransferFunctionScriptingTraits (0ms)
			SetupTypeCache (354ms)
				TypeCache.Initialize (348ms)
					TypeCache.ScanAssembly (341ms)
				ResolveRequiredComponents (6ms)
			ReleaseScriptCaches (2ms)
			RebuildScriptCaches (58ms)
			SetupLoadedEditorAssemblies (637ms)
				LogAssemblyErrors (0ms)
				InitializePlatformSupportModulesInManaged (95ms)
				SetLoadedEditorAssemblies (8ms)
				RefreshPlugins (1ms)
				BeforeProcessingInitializeOnLoad (103ms)
				ProcessInitializeOnLoadAttributes (369ms)
				ProcessInitializeOnLoadMethodAttributes (24ms)
				AfterProcessingInitializeOnLoad (38ms)
				EditorAssembliesLoaded (0ms)
			ExecutionOrderSort2 (0ms)
			AwakeInstancesAfterBackupRestoration (11ms)
Platform modules already initialized, skipping
Refreshing native plugins compatible for Editor in 4.04 ms, found 3 plugins.
Preloading 0 native plugins for Editor in 0.00 ms.
Unloading 3085 Unused Serialized files (Serialized files now loaded: 0)
Unloading 16 unused Assets / (25.5 KB). Loaded Objects now: 3612.
Memory consumption went from 483.8 MB to 483.8 MB.
Total: 5.080100 ms (FindLiveObjects: 0.353400 ms CreateObjectMapping: 0.320400 ms MarkObjects: 4.358500 ms  DeleteObjects: 0.045700 ms)

AssetImportParameters requested are different than current active one (requested -> active):
  custom:video-decoder-ogg-theora: a1e56fd34408186e4bbccfd4996cb3dc -> 
  custom:container-muxer-webm: aa71ff27fc2769a1b78a27578f13a17b -> 
  custom:container-demuxer-webm: 4f35f7cbe854078d1ac9338744f61a02 -> 
  custom:video-encoder-webm-vp8: eb34c28f22e8b96e1ab97ce403110664 -> 
  custom:audio-encoder-webm-vorbis: bf7c407c2cedff20999df2af8eb42d56 -> 
  custom:framework-win-MediaFoundation: 216162199b28c13a410421893ffa2e32 -> 
  custom:container-demuxer-ogg: 62fdf1f143b41e24485cea50d1cbac27 -> 
  custom:video-decoder-webm-vp8: 9c59270c3fd7afecdb556c50c9e8de78 -> 
  custom:audio-decoder-ogg-vorbis: bf7c407c2cedff20999df2af8eb42d56 -> 
========================================================================
Received Import Request.
  Time since last request: 1750.566542 seconds.
  path: Assets/crouch idle.fbx
  artifactKey: Guid(c71aae395cc627a46a11d95be1dc6452) Importer(815301076,1909f56bfc062723c751e8b465ee728b)
Start importing Assets/crouch idle.fbx using Guid(c71aae395cc627a46a11d95be1dc6452) Importer(815301076,1909f56bfc062723c751e8b465ee728b)  -> (artifact id: '099c5e618578319c4671c82d01621dac') in 0.089847 seconds 
========================================================================
Received Import Request.
  Time since last request: 0.000031 seconds.
  path: Assets/standing walk left.fbx
  artifactKey: Guid(e26b7cd59335db740b43699a71198154) Importer(815301076,1909f56bfc062723c751e8b465ee728b)
Start importing Assets/standing walk left.fbx using Guid(e26b7cd59335db740b43699a71198154) Importer(815301076,1909f56bfc062723c751e8b465ee728b)  -> (artifact id: 'a878f4f894a4ae60018f18f836e65130') in 0.028489 seconds 
========================================================================
Received Import Request.
  Time since last request: 0.000031 seconds.
  path: Assets/standing walk forward.fbx
  artifactKey: Guid(bf95e2c4af5075c4eb5be05f7c2e21cd) Importer(815301076,1909f56bfc062723c751e8b465ee728b)
Start importing Assets/standing walk forward.fbx using Guid(bf95e2c4af5075c4eb5be05f7c2e21cd) Importer(815301076,1909f56bfc062723c751e8b465ee728b)  -> (artifact id: '1c531e2ec9ddf0f56c311cd4e7d97b4f') in 0.024682 seconds 
========================================================================
Received Import Request.
  Time since last request: 0.000030 seconds.
  path: Assets/standing melee combo attack ver. 3.fbx
  artifactKey: Guid(85db8518371d7a84aabc05d58f869a7f) Importer(815301076,1909f56bfc062723c751e8b465ee728b)
Start importing Assets/standing melee combo attack ver. 3.fbx using Guid(85db8518371d7a84aabc05d58f869a7f) Importer(815301076,1909f56bfc062723c751e8b465ee728b)  -> (artifact id: 'a1a33895d6b0a04af5f4ff20ff070304') in 0.028534 seconds 
========================================================================
Received Import Request.
  Time since last request: 0.000060 seconds.
  path: Assets/standing walk right.fbx
  artifactKey: Guid(9f3769bf309f02b49866b3a8ce949535) Importer(815301076,1909f56bfc062723c751e8b465ee728b)
Start importing Assets/standing walk right.fbx using Guid(9f3769bf309f02b49866b3a8ce949535) Importer(815301076,1909f56bfc062723c751e8b465ee728b)  -> (artifact id: 'b8e1549e524dd1ec7fc3582d22efd284') in 0.026710 seconds 
========================================================================
Received Import Request.
  Time since last request: 0.000038 seconds.
  path: Assets/unarmed jump.fbx
  artifactKey: Guid(bbcf2b0475c0f614294e789685c62443) Importer(815301076,1909f56bfc062723c751e8b465ee728b)
Start importing Assets/unarmed jump.fbx using Guid(bbcf2b0475c0f614294e789685c62443) Importer(815301076,1909f56bfc062723c751e8b465ee728b)  -> (artifact id: '6457a592b1eae029b86ad490fdbfdea8') in 0.027602 seconds 
========================================================================
Received Import Request.
  Time since last request: 0.000033 seconds.
  path: Assets/standing idle looking ver. 1.fbx
  artifactKey: Guid(256d118c3fb299f4092f592aa733d56f) Importer(815301076,1909f56bfc062723c751e8b465ee728b)
Start importing Assets/standing idle looking ver. 1.fbx using Guid(256d118c3fb299f4092f592aa733d56f) Importer(815301076,1909f56bfc062723c751e8b465ee728b)  -> (artifact id: 'cd33267156f28f4fd8c4f65ce9436985') in 0.025811 seconds 
========================================================================
Received Import Request.
  Time since last request: 0.000030 seconds.
  path: Assets/standing react large from right.fbx
  artifactKey: Guid(2806c3658c9a559438f99df48575eb1f) Importer(815301076,1909f56bfc062723c751e8b465ee728b)
Start importing Assets/standing react large from right.fbx using Guid(2806c3658c9a559438f99df48575eb1f) Importer(815301076,1909f56bfc062723c751e8b465ee728b)  -> (artifact id: 'a338cf6cad0ede7d41fd29597a092cd3') in 0.025548 seconds 
========================================================================
Received Import Request.
  Time since last request: 0.000045 seconds.
  path: Assets/unarmed idle looking ver. 1.fbx
  artifactKey: Guid(5e60d4d84462b1d4e81e3da5a639c4db) Importer(815301076,1909f56bfc062723c751e8b465ee728b)
Start importing Assets/unarmed idle looking ver. 1.fbx using Guid(5e60d4d84462b1d4e81e3da5a639c4db) Importer(815301076,1909f56bfc062723c751e8b465ee728b)  -> (artifact id: '5067970f29e605abc98605dbb9d17b6b') in 0.023785 seconds 
========================================================================
Received Import Request.
  Time since last request: 0.000033 seconds.
  path: Assets/unarmed turn right 90.fbx
  artifactKey: Guid(0d2b8af3be9025b4b8709c22776366f7) Importer(815301076,1909f56bfc062723c751e8b465ee728b)
Start importing Assets/unarmed turn right 90.fbx using Guid(0d2b8af3be9025b4b8709c22776366f7) Importer(815301076,1909f56bfc062723c751e8b465ee728b)  -> (artifact id: '851a6bb5bbad87fb543b1ae1dc1999d0') in 0.024203 seconds 
========================================================================
Received Import Request.
  Time since last request: 0.000032 seconds.
  path: Assets/unarmed idle looking ver. 2.fbx
  artifactKey: Guid(48459744dc2b524419cf361f6e5744f4) Importer(815301076,1909f56bfc062723c751e8b465ee728b)
Start importing Assets/unarmed idle looking ver. 2.fbx using Guid(48459744dc2b524419cf361f6e5744f4) Importer(815301076,1909f56bfc062723c751e8b465ee728b)  -> (artifact id: 'bc996ea9fa3d846522077991202aefed') in 0.027096 seconds 
========================================================================
Received Import Request.
  Time since last request: 0.000041 seconds.
  path: Assets/standing block react large.fbx
  artifactKey: Guid(f974aab296a755a41ab12985514d6200) Importer(815301076,1909f56bfc062723c751e8b465ee728b)
Start importing Assets/standing block react large.fbx using Guid(f974aab296a755a41ab12985514d6200) Importer(815301076,1909f56bfc062723c751e8b465ee728b)  -> (artifact id: '03e043dde72432b6e2235263fd9a46c8') in 0.024804 seconds 
========================================================================
Received Import Request.
  Time since last request: 0.000058 seconds.
  path: Assets/standing react large from left.fbx
  artifactKey: Guid(8c34adc4ca6b6fb44b04afd04479cb87) Importer(815301076,1909f56bfc062723c751e8b465ee728b)
Start importing Assets/standing react large from left.fbx using Guid(8c34adc4ca6b6fb44b04afd04479cb87) Importer(815301076,1909f56bfc062723c751e8b465ee728b)  -> (artifact id: '966590af10a43683bb434da9fe9a83fe') in 0.024410 seconds 
========================================================================
Received Import Request.
  Time since last request: 0.000043 seconds.
  path: Assets/standing react large gut.fbx
  artifactKey: Guid(85ff63bc707ba9a43990022c1a363955) Importer(815301076,1909f56bfc062723c751e8b465ee728b)
Start importing Assets/standing react large gut.fbx using Guid(85ff63bc707ba9a43990022c1a363955) Importer(815301076,1909f56bfc062723c751e8b465ee728b)  -> (artifact id: 'e37aebfe4d694fc593dd51a6abfc6ed5') in 0.047807 seconds 
========================================================================
Received Import Request.
  Time since last request: 0.000043 seconds.
  path: Assets/standing turn right 90.fbx
  artifactKey: Guid(043590e8a41035d4ea138dbe3baee1d8) Importer(815301076,1909f56bfc062723c751e8b465ee728b)
Start importing Assets/standing turn right 90.fbx using Guid(043590e8a41035d4ea138dbe3baee1d8) Importer(815301076,1909f56bfc062723c751e8b465ee728b)  -> (artifact id: '3c4c3ac9defd78f2a0bc652c91c29fc8') in 0.034336 seconds 
========================================================================
Received Import Request.
  Time since last request: 0.000034 seconds.
  path: Assets/standing disarm underarm.fbx
  artifactKey: Guid(36d548d33daca2c4c9ab95e39aae4211) Importer(815301076,1909f56bfc062723c751e8b465ee728b)
Start importing Assets/standing disarm underarm.fbx using Guid(36d548d33daca2c4c9ab95e39aae4211) Importer(815301076,1909f56bfc062723c751e8b465ee728b)  -> (artifact id: '22807fb4d1948a8918723f7628792942') in 0.027286 seconds 
========================================================================
Received Import Request.
  Time since last request: 0.000043 seconds.
  path: Assets/standing run forward.fbx
  artifactKey: Guid(0fc9ddd6bb96c4641a45f36c90edd44f) Importer(815301076,1909f56bfc062723c751e8b465ee728b)
Start importing Assets/standing run forward.fbx using Guid(0fc9ddd6bb96c4641a45f36c90edd44f) Importer(815301076,1909f56bfc062723c751e8b465ee728b)  -> (artifact id: 'c8a5314af6b82c3dd5af58a5d4290598') in 0.022937 seconds 
========================================================================
Received Import Request.
  Time since last request: 0.000035 seconds.
  path: Assets/standing run back.fbx
  artifactKey: Guid(486c3abf2a4f1e4459ac8927d71ba48a) Importer(815301076,1909f56bfc062723c751e8b465ee728b)
Start importing Assets/standing run back.fbx using Guid(486c3abf2a4f1e4459ac8927d71ba48a) Importer(815301076,1909f56bfc062723c751e8b465ee728b)  -> (artifact id: '649eb91e3508e2707fe9e9cd4c95ba44') in 0.023965 seconds 
========================================================================
Received Import Request.
  Time since last request: 0.000039 seconds.
  path: Assets/unarmed equip underarm.fbx
  artifactKey: Guid(5a41f4d2b61042443b6380159f24a21b) Importer(815301076,1909f56bfc062723c751e8b465ee728b)
Start importing Assets/unarmed equip underarm.fbx using Guid(5a41f4d2b61042443b6380159f24a21b) Importer(815301076,1909f56bfc062723c751e8b465ee728b)  -> (artifact id: '5b6987a0c8fa14363754b5e10aaf3d88') in 0.026128 seconds 
========================================================================
Received Import Request.
  Time since last request: 0.000042 seconds.
  path: Assets/unarmed run back.fbx
  artifactKey: Guid(58666eb7f3380f14c803903c80164b88) Importer(815301076,1909f56bfc062723c751e8b465ee728b)
Start importing Assets/unarmed run back.fbx using Guid(58666eb7f3380f14c803903c80164b88) Importer(815301076,1909f56bfc062723c751e8b465ee728b)  -> (artifact id: '5f5b895239e91acf20a1e43117ebce90') in 0.023833 seconds 
========================================================================
Received Import Request.
  Time since last request: 0.000033 seconds.
  path: Assets/standing melee attack horizontal.fbx
  artifactKey: Guid(d0ed1121980031d44b4e4b2510207187) Importer(815301076,1909f56bfc062723c751e8b465ee728b)
Start importing Assets/standing melee attack horizontal.fbx using Guid(d0ed1121980031d44b4e4b2510207187) Importer(815301076,1909f56bfc062723c751e8b465ee728b)  -> (artifact id: '92a1c9aec9dd0e75c04efa4e25ab32ec') in 0.024387 seconds 
========================================================================
Received Import Request.
  Time since last request: 0.000035 seconds.
  path: Assets/standing idle looking ver. 2.fbx
  artifactKey: Guid(e85e48a0139703840a8244c5de339b4f) Importer(815301076,1909f56bfc062723c751e8b465ee728b)
Start importing Assets/standing idle looking ver. 2.fbx using Guid(e85e48a0139703840a8244c5de339b4f) Importer(815301076,1909f56bfc062723c751e8b465ee728b)  -> (artifact id: '056629f92c086121942aad47275fcf89') in 0.024082 seconds 
========================================================================
Received Import Request.
  Time since last request: 0.000029 seconds.
  path: Assets/standing taunt chest thump.fbx
  artifactKey: Guid(b61494c8fcab30942acb973db9f18adc) Importer(815301076,1909f56bfc062723c751e8b465ee728b)
Start importing Assets/standing taunt chest thump.fbx using Guid(b61494c8fcab30942acb973db9f18adc) Importer(815301076,1909f56bfc062723c751e8b465ee728b)  -> (artifact id: '8e9c2097eb1fb8feadcbe069798acd3b') in 0.023844 seconds 
========================================================================
Received Import Request.
  Time since last request: 0.000029 seconds.
  path: Assets/standing walk back.fbx
  artifactKey: Guid(3e438b62423440e4a9241b912a8ce903) Importer(815301076,1909f56bfc062723c751e8b465ee728b)
Start importing Assets/standing walk back.fbx using Guid(3e438b62423440e4a9241b912a8ce903) Importer(815301076,1909f56bfc062723c751e8b465ee728b)  -> (artifact id: 'd228f9fde175d213cf51468eb8a008fd') in 0.021401 seconds 
========================================================================
Received Import Request.
  Time since last request: 0.000056 seconds.
  path: Assets/standing melee attack downward.fbx
  artifactKey: Guid(0d3bf718e1683514b9b2307720572bea) Importer(815301076,1909f56bfc062723c751e8b465ee728b)
Start importing Assets/standing melee attack downward.fbx using Guid(0d3bf718e1683514b9b2307720572bea) Importer(815301076,1909f56bfc062723c751e8b465ee728b)  -> (artifact id: 'c55c67daedbc74853e95173a3d257c89') in 0.027119 seconds 
========================================================================
Received Import Request.
  Time since last request: 0.000049 seconds.
  path: Assets/unarmed turn left 90.fbx
  artifactKey: Guid(d739930a044ad77458e60b0da3d08378) Importer(815301076,1909f56bfc062723c751e8b465ee728b)
Start importing Assets/unarmed turn left 90.fbx using Guid(d739930a044ad77458e60b0da3d08378) Importer(815301076,1909f56bfc062723c751e8b465ee728b)  -> (artifact id: 'fdbf31f7951dad8acf41110aeddc4214') in 0.024000 seconds 
========================================================================
Received Import Request.
  Time since last request: 0.000054 seconds.
  path: Assets/unarmed idle.fbx
  artifactKey: Guid(cc1b641e6125d15458118888145f9e40) Importer(815301076,1909f56bfc062723c751e8b465ee728b)
Start importing Assets/unarmed idle.fbx using Guid(cc1b641e6125d15458118888145f9e40) Importer(815301076,1909f56bfc062723c751e8b465ee728b)  -> (artifact id: '70180182b51092dfcba0fc45ae34c354') in 0.025535 seconds 
========================================================================
Received Import Request.
  Time since last request: 0.000045 seconds.
  path: Assets/unarmed walk forward.fbx
  artifactKey: Guid(ba044bf4e5b19d84d95e0584d1e7bfd8) Importer(815301076,1909f56bfc062723c751e8b465ee728b)
Start importing Assets/unarmed walk forward.fbx using Guid(ba044bf4e5b19d84d95e0584d1e7bfd8) Importer(815301076,1909f56bfc062723c751e8b465ee728b)  -> (artifact id: '4d6abcf6d54ba0f19a058b289b7c6d97') in 0.026935 seconds 
========================================================================
Received Import Request.
  Time since last request: 0.000034 seconds.
  path: Assets/standing idle.fbx
  artifactKey: Guid(6a130ebc3f1b800408067d6a9c7125f3) Importer(815301076,1909f56bfc062723c751e8b465ee728b)
Start importing Assets/standing idle.fbx using Guid(6a130ebc3f1b800408067d6a9c7125f3) Importer(815301076,1909f56bfc062723c751e8b465ee728b)  -> (artifact id: '47c121e190c2d570d96d572814cc855f') in 0.026306 seconds 
========================================================================
Received Import Request.
  Time since last request: 0.000042 seconds.
  path: Assets/standing taunt battlecry.fbx
  artifactKey: Guid(6cd958d8e56125246a1a5cb87bd132a1) Importer(815301076,1909f56bfc062723c751e8b465ee728b)
Start importing Assets/standing taunt battlecry.fbx using Guid(6cd958d8e56125246a1a5cb87bd132a1) Importer(815301076,1909f56bfc062723c751e8b465ee728b)  -> (artifact id: 'd4e3f0b7aa0d9735fbce7d58e4d70d62') in 0.026066 seconds 
========================================================================
Received Import Request.
  Time since last request: 0.000027 seconds.
  path: Assets/standing disarm over shoulder.fbx
  artifactKey: Guid(9b82f6f1de316a242b54c0c5b92567fc) Importer(815301076,1909f56bfc062723c751e8b465ee728b)
Start importing Assets/standing disarm over shoulder.fbx using Guid(9b82f6f1de316a242b54c0c5b92567fc) Importer(815301076,1909f56bfc062723c751e8b465ee728b)  -> (artifact id: '6db520e9c8b8154078c061a59c261637') in 0.027546 seconds 
========================================================================
Received Import Request.
  Time since last request: 0.000031 seconds.
  path: Assets/standing melee combo attack ver. 1.fbx
  artifactKey: Guid(46c7e97677a3b464aa052a50f56fe85e) Importer(815301076,1909f56bfc062723c751e8b465ee728b)
Start importing Assets/standing melee combo attack ver. 1.fbx using Guid(46c7e97677a3b464aa052a50f56fe85e) Importer(815301076,1909f56bfc062723c751e8b465ee728b)  -> (artifact id: '2740b7f8544341a628cdde050b9db7db') in 0.027599 seconds 
========================================================================
Received Import Request.
  Time since last request: 0.000025 seconds.
  path: Assets/crouch to standing idle.fbx
  artifactKey: Guid(ecb8b2435faae0a4aa2ce7f2e4061827) Importer(815301076,1909f56bfc062723c751e8b465ee728b)
Start importing Assets/crouch to standing idle.fbx using Guid(ecb8b2435faae0a4aa2ce7f2e4061827) Importer(815301076,1909f56bfc062723c751e8b465ee728b)  -> (artifact id: 'f3e8a6c0c6765c0ec1219d2325b02a3d') in 0.025433 seconds 
========================================================================
Received Import Request.
  Time since last request: 0.000047 seconds.
  path: Assets/unarmed run forward.fbx
  artifactKey: Guid(bed9f6814e528e34b82b90fe06968d24) Importer(815301076,1909f56bfc062723c751e8b465ee728b)
Start importing Assets/unarmed run forward.fbx using Guid(bed9f6814e528e34b82b90fe06968d24) Importer(815301076,1909f56bfc062723c751e8b465ee728b)  -> (artifact id: 'c4356df674fa351be739204d64fe7c79') in 0.025093 seconds 
========================================================================
Received Import Request.
  Time since last request: 0.000048 seconds.
  path: Assets/standing melee attack 360 high.fbx
  artifactKey: Guid(ad10fa93351b62a439f0398d8e8d8a7b) Importer(815301076,1909f56bfc062723c751e8b465ee728b)
Start importing Assets/standing melee attack 360 high.fbx using Guid(ad10fa93351b62a439f0398d8e8d8a7b) Importer(815301076,1909f56bfc062723c751e8b465ee728b)  -> (artifact id: '7e5eaa3b3013099f8125ade4a9778ad3') in 0.024762 seconds 
========================================================================
Received Import Request.
  Time since last request: 0.000031 seconds.
  path: Assets/standing block idle.fbx
  artifactKey: Guid(3e1e3d395af0249488f37d73c83c94dc) Importer(815301076,1909f56bfc062723c751e8b465ee728b)
Start importing Assets/standing block idle.fbx using Guid(3e1e3d395af0249488f37d73c83c94dc) Importer(815301076,1909f56bfc062723c751e8b465ee728b)  -> (artifact id: 'd40a4242cf08a02b6418443c392ed09e') in 0.024670 seconds 
========================================================================
Received Import Request.
  Time since last request: 0.000033 seconds.
  path: Assets/standing melee attack 360 low.fbx
  artifactKey: Guid(4def3da211d9af348b6c7d3bf9bc4803) Importer(815301076,1909f56bfc062723c751e8b465ee728b)
Start importing Assets/standing melee attack 360 low.fbx using Guid(4def3da211d9af348b6c7d3bf9bc4803) Importer(815301076,1909f56bfc062723c751e8b465ee728b)  -> (artifact id: '4f5771427d8aebbdc3f97d51b3d3f5fd') in 0.036033 seconds 
========================================================================
Received Import Request.
  Time since last request: 0.000042 seconds.
  path: Assets/standing melee attack kick ver. 2.fbx
  artifactKey: Guid(b08d40d115b811148bb9bb7a60026ba7) Importer(815301076,1909f56bfc062723c751e8b465ee728b)
Start importing Assets/standing melee attack kick ver. 2.fbx using Guid(b08d40d115b811148bb9bb7a60026ba7) Importer(815301076,1909f56bfc062723c751e8b465ee728b)  -> (artifact id: '011ebe952d52199e53763cea2779fc02') in 0.026250 seconds 
========================================================================
Received Import Request.
  Time since last request: 0.000037 seconds.
  path: Assets/unarmed equip over shoulder.fbx
  artifactKey: Guid(4d0a8fabf999c5f4697976a5f20acd30) Importer(815301076,1909f56bfc062723c751e8b465ee728b)
Start importing Assets/unarmed equip over shoulder.fbx using Guid(4d0a8fabf999c5f4697976a5f20acd30) Importer(815301076,1909f56bfc062723c751e8b465ee728b)  -> (artifact id: 'a15bda07d9c9952f289e44840f87713b') in 0.030670 seconds 
========================================================================
Received Import Request.
  Time since last request: 0.000027 seconds.
  path: Assets/standing jump.fbx
  artifactKey: Guid(1a65d36c2b04f6244b1b270bf6903e07) Importer(815301076,1909f56bfc062723c751e8b465ee728b)
Start importing Assets/standing jump.fbx using Guid(1a65d36c2b04f6244b1b270bf6903e07) Importer(815301076,1909f56bfc062723c751e8b465ee728b)  -> (artifact id: '88554ab8bade5993de233c2151d52638') in 0.026170 seconds 
========================================================================
Received Import Request.
  Time since last request: 0.000033 seconds.
  path: Assets/standing melee attack backhand.fbx
  artifactKey: Guid(443338742d627b442af2faa94bab3240) Importer(815301076,1909f56bfc062723c751e8b465ee728b)
Start importing Assets/standing melee attack backhand.fbx using Guid(443338742d627b442af2faa94bab3240) Importer(815301076,1909f56bfc062723c751e8b465ee728b)  -> (artifact id: 'c68f4ee906660238e80ed6c56c2371a1') in 0.028059 seconds 
========================================================================
Received Import Request.
  Time since last request: 0.000052 seconds.
  path: Assets/Paladin WProp J Nordstrom.fbx
  artifactKey: Guid(0a1204b1aa4ab58408db9db0bd716223) Importer(815301076,1909f56bfc062723c751e8b465ee728b)
Start importing Assets/Paladin WProp J Nordstrom.fbx using Guid(0a1204b1aa4ab58408db9db0bd716223) Importer(815301076,1909f56bfc062723c751e8b465ee728b)  -> (artifact id: '8c7693dae606104e32b45134f15b399d') in 0.223395 seconds 
========================================================================
Received Import Request.
  Time since last request: 0.000062 seconds.
  path: Assets/unarmed jump running.fbx
  artifactKey: Guid(625c91ee3a8cc7242bf4d17a5805d7d9) Importer(815301076,1909f56bfc062723c751e8b465ee728b)
Start importing Assets/unarmed jump running.fbx using Guid(625c91ee3a8cc7242bf4d17a5805d7d9) Importer(815301076,1909f56bfc062723c751e8b465ee728b)  -> (artifact id: '74d982ce641a7b6c2d5d23c2eec4c21c') in 0.026518 seconds 
========================================================================
Received Import Request.
  Time since last request: 0.000040 seconds.
  path: Assets/standing melee combo attack ver. 2.fbx
  artifactKey: Guid(bbb0181f2ce9bbe4c97883effe797e93) Importer(815301076,1909f56bfc062723c751e8b465ee728b)
Start importing Assets/standing melee combo attack ver. 2.fbx using Guid(bbb0181f2ce9bbe4c97883effe797e93) Importer(815301076,1909f56bfc062723c751e8b465ee728b)  -> (artifact id: 'ddd17c39ad86e3a1345dfec0142652a1') in 0.034690 seconds 
========================================================================
Received Import Request.
  Time since last request: 0.000025 seconds.
  path: Assets/standing melee attack kick ver. 1.fbx
  artifactKey: Guid(8b28afb748205824f8f21b0082da47ed) Importer(815301076,1909f56bfc062723c751e8b465ee728b)
Start importing Assets/standing melee attack kick ver. 1.fbx using Guid(8b28afb748205824f8f21b0082da47ed) Importer(815301076,1909f56bfc062723c751e8b465ee728b)  -> (artifact id: '0476547183444b1e76095794904995c3') in 0.028259 seconds 
========================================================================
Received Import Request.
  Time since last request: 0.000030 seconds.
  path: Assets/standing melee run jump attack.fbx
  artifactKey: Guid(ed2404e10b1a7e0409d47684486f3911) Importer(815301076,1909f56bfc062723c751e8b465ee728b)
Start importing Assets/standing melee run jump attack.fbx using Guid(ed2404e10b1a7e0409d47684486f3911) Importer(815301076,1909f56bfc062723c751e8b465ee728b)  -> (artifact id: 'cb2812f44ed196ba84cef830cb6c30f8') in 0.023822 seconds 
========================================================================
Received Import Request.
  Time since last request: 0.000031 seconds.
  path: Assets/standing turn left 90.fbx
  artifactKey: Guid(896f28b038d90a145957b23a3c31ea50) Importer(815301076,1909f56bfc062723c751e8b465ee728b)
Start importing Assets/standing turn left 90.fbx using Guid(896f28b038d90a145957b23a3c31ea50) Importer(815301076,1909f56bfc062723c751e8b465ee728b)  -> (artifact id: 'b0c2590ef841dbd3ec685f7efce3a529') in 0.023848 seconds 
========================================================================
Received Import Request.
  Time since last request: 0.000035 seconds.
  path: Assets/unarmed walk back.fbx
  artifactKey: Guid(f4dad37cca338194e80b14fc9ee986d0) Importer(815301076,1909f56bfc062723c751e8b465ee728b)
Start importing Assets/unarmed walk back.fbx using Guid(f4dad37cca338194e80b14fc9ee986d0) Importer(815301076,1909f56bfc062723c751e8b465ee728b)  -> (artifact id: 'ccbf9f8d2843212d3410e0a4206d37b9') in 0.024373 seconds 
========================================================================
Received Import Request.
  Time since last request: 98.352681 seconds.
  path: Assets/Paladin WProp J Nordstrom.fbx
  artifactKey: Guid(0a1204b1aa4ab58408db9db0bd716223) Importer(815301076,1909f56bfc062723c751e8b465ee728b)
Start importing Assets/Paladin WProp J Nordstrom.fbx using Guid(0a1204b1aa4ab58408db9db0bd716223) Importer(815301076,1909f56bfc062723c751e8b465ee728b)  -> (artifact id: '9fc6099294c62e5002d64ef97e6fdcd6') in 0.783381 seconds 
========================================================================
Received Import Request.
  Time since last request: 11.166637 seconds.
  path: Assets/Paladin WProp J Nordstrom.fbx
  artifactKey: Guid(0a1204b1aa4ab58408db9db0bd716223) Importer(815301076,1909f56bfc062723c751e8b465ee728b)
Start importing Assets/Paladin WProp J Nordstrom.fbx using Guid(0a1204b1aa4ab58408db9db0bd716223) Importer(815301076,1909f56bfc062723c751e8b465ee728b)  -> (artifact id: '1006bbe74d7e9d3983d651eba7891f18') in 0.120794 seconds 
========================================================================
Received Prepare
Registering precompiled user dll's ...
Registered in 0.013543 seconds.
Begin MonoManager ReloadAssembly
Native extension for UWP target not found
Native extension for LinuxStandalone target not found
Native extension for WindowsStandalone target not found
Native extension for AppleTV target not found
Native extension for iOS target not found
Native extension for Android target not found
Native extension for OSXStandalone target not found
Native extension for WebGL target not found
Refreshing native plugins compatible for Editor in 0.59 ms, found 3 plugins.
Preloading 0 native plugins for Editor in 0.00 ms.
Mono: successfully reloaded assembly
- Completed reload, in  1.536 seconds
Domain Reload Profiling:
	ReloadAssembly (1537ms)
		BeginReloadAssembly (225ms)
			ExecutionOrderSort (0ms)
			DisableScriptedObjects (6ms)
			BackupInstance (0ms)
			ReleaseScriptingObjects (0ms)
			CreateAndSetChildDomain (58ms)
		EndReloadAssembly (1147ms)
			LoadAssemblies (162ms)
			RebuildTransferFunctionScriptingTraits (0ms)
			SetupTypeCache (328ms)
				TypeCache.Initialize (324ms)
					TypeCache.ScanAssembly (317ms)
				ResolveRequiredComponents (4ms)
			ReleaseScriptCaches (1ms)
			RebuildScriptCaches (49ms)
			SetupLoadedEditorAssemblies (571ms)
				LogAssemblyErrors (0ms)
				InitializePlatformSupportModulesInManaged (88ms)
				SetLoadedEditorAssemblies (8ms)
				RefreshPlugins (1ms)
				BeforeProcessingInitializeOnLoad (96ms)
				ProcessInitializeOnLoadAttributes (323ms)
				ProcessInitializeOnLoadMethodAttributes (21ms)
				AfterProcessingInitializeOnLoad (34ms)
				EditorAssembliesLoaded (0ms)
			ExecutionOrderSort2 (0ms)
			AwakeInstancesAfterBackupRestoration (7ms)
Platform modules already initialized, skipping
Refreshing native plugins compatible for Editor in 5.26 ms, found 3 plugins.
Preloading 0 native plugins for Editor in 0.00 ms.
Unloading 3085 Unused Serialized files (Serialized files now loaded: 0)
Unloading 16 unused Assets / (25.4 KB). Loaded Objects now: 3652.
Memory consumption went from 486.2 MB to 486.2 MB.
Total: 4.330200 ms (FindLiveObjects: 0.342600 ms CreateObjectMapping: 0.491900 ms MarkObjects: 3.454300 ms  DeleteObjects: 0.039900 ms)

AssetImportParameters requested are different than current active one (requested -> active):
  custom:video-decoder-ogg-theora: a1e56fd34408186e4bbccfd4996cb3dc -> 
  custom:container-muxer-webm: aa71ff27fc2769a1b78a27578f13a17b -> 
  custom:container-demuxer-webm: 4f35f7cbe854078d1ac9338744f61a02 -> 
  custom:video-encoder-webm-vp8: eb34c28f22e8b96e1ab97ce403110664 -> 
  custom:audio-encoder-webm-vorbis: bf7c407c2cedff20999df2af8eb42d56 -> 
  custom:framework-win-MediaFoundation: 216162199b28c13a410421893ffa2e32 -> 
  custom:container-demuxer-ogg: 62fdf1f143b41e24485cea50d1cbac27 -> 
  custom:video-decoder-webm-vp8: 9c59270c3fd7afecdb556c50c9e8de78 -> 
  custom:audio-decoder-ogg-vorbis: bf7c407c2cedff20999df2af8eb42d56 -> 
========================================================================
Received Import Request.
  Time since last request: 389.824179 seconds.
  path: Assets/Paladin WProp J Nordstrom.controller
  artifactKey: Guid(ca15b638f2a2a1c46bbbdcb9163fc54c) Importer(815301076,1909f56bfc062723c751e8b465ee728b)
Start importing Assets/Paladin WProp J Nordstrom.controller using Guid(ca15b638f2a2a1c46bbbdcb9163fc54c) Importer(815301076,1909f56bfc062723c751e8b465ee728b)  -> (artifact id: 'eeea774de03dd35138c0f481723da391') in 0.035600 seconds 
========================================================================
Received Import Request.
  Time since last request: 47.027377 seconds.
  path: Assets/Paladin WProp J Nordstrom.fbx
  artifactKey: Guid(0a1204b1aa4ab58408db9db0bd716223) Importer(815301076,1909f56bfc062723c751e8b465ee728b)
Start importing Assets/Paladin WProp J Nordstrom.fbx using Guid(0a1204b1aa4ab58408db9db0bd716223) Importer(815301076,1909f56bfc062723c751e8b465ee728b)  -> (artifact id: 'c427694885bf30c228d232e527579da8') in 0.198375 seconds 
========================================================================
Received Prepare
Registering precompiled user dll's ...
Registered in 0.014074 seconds.
Begin MonoManager ReloadAssembly
Native extension for UWP target not found
Native extension for LinuxStandalone target not found
Native extension for WindowsStandalone target not found
Native extension for AppleTV target not found
Native extension for iOS target not found
Native extension for Android target not found
Native extension for OSXStandalone target not found
Native extension for WebGL target not found
Refreshing native plugins compatible for Editor in 0.68 ms, found 3 plugins.
Preloading 0 native plugins for Editor in 0.00 ms.
Mono: successfully reloaded assembly
- Completed reload, in  1.983 seconds
Domain Reload Profiling:
	ReloadAssembly (1984ms)
		BeginReloadAssembly (281ms)
			ExecutionOrderSort (0ms)
			DisableScriptedObjects (6ms)
			BackupInstance (0ms)
			ReleaseScriptingObjects (0ms)
			CreateAndSetChildDomain (51ms)
		EndReloadAssembly (1467ms)
			LoadAssemblies (240ms)
			RebuildTransferFunctionScriptingTraits (0ms)
			SetupTypeCache (407ms)
				TypeCache.Initialize (401ms)
					TypeCache.ScanAssembly (391ms)
				ResolveRequiredComponents (6ms)
			ReleaseScriptCaches (2ms)
			RebuildScriptCaches (58ms)
			SetupLoadedEditorAssemblies (732ms)
				LogAssemblyErrors (0ms)
				InitializePlatformSupportModulesInManaged (103ms)
				SetLoadedEditorAssemblies (10ms)
				RefreshPlugins (1ms)
				BeforeProcessingInitializeOnLoad (110ms)
				ProcessInitializeOnLoadAttributes (439ms)
				ProcessInitializeOnLoadMethodAttributes (28ms)
				AfterProcessingInitializeOnLoad (41ms)
				EditorAssembliesLoaded (0ms)
			ExecutionOrderSort2 (0ms)
			AwakeInstancesAfterBackupRestoration (10ms)
Platform modules already initialized, skipping
Refreshing native plugins compatible for Editor in 4.66 ms, found 3 plugins.
Preloading 0 native plugins for Editor in 0.00 ms.
Unloading 3085 Unused Serialized files (Serialized files now loaded: 0)
Unloading 16 unused Assets / (25.5 KB). Loaded Objects now: 3655.
Memory consumption went from 486.2 MB to 486.2 MB.
Total: 4.771600 ms (FindLiveObjects: 0.316800 ms CreateObjectMapping: 0.148100 ms MarkObjects: 4.266000 ms  DeleteObjects: 0.039500 ms)

AssetImportParameters requested are different than current active one (requested -> active):
  custom:video-decoder-ogg-theora: a1e56fd34408186e4bbccfd4996cb3dc -> 
  custom:container-muxer-webm: aa71ff27fc2769a1b78a27578f13a17b -> 
  custom:container-demuxer-webm: 4f35f7cbe854078d1ac9338744f61a02 -> 
  custom:video-encoder-webm-vp8: eb34c28f22e8b96e1ab97ce403110664 -> 
  custom:audio-encoder-webm-vorbis: bf7c407c2cedff20999df2af8eb42d56 -> 
  custom:framework-win-MediaFoundation: 216162199b28c13a410421893ffa2e32 -> 
  custom:container-demuxer-ogg: 62fdf1f143b41e24485cea50d1cbac27 -> 
  custom:video-decoder-webm-vp8: 9c59270c3fd7afecdb556c50c9e8de78 -> 
  custom:audio-decoder-ogg-vorbis: bf7c407c2cedff20999df2af8eb42d56 -> 
========================================================================
Received Import Request.
  Time since last request: 2362.107670 seconds.
  path: Assets/Paladin WProp J Nordstrom.fbx
  artifactKey: Guid(0a1204b1aa4ab58408db9db0bd716223) Importer(815301076,1909f56bfc062723c751e8b465ee728b)
Start importing Assets/Paladin WProp J Nordstrom.fbx using Guid(0a1204b1aa4ab58408db9db0bd716223) Importer(815301076,1909f56bfc062723c751e8b465ee728b)  -> (artifact id: '744250cd5910a52ba3395d3b6ff6947f') in 0.362485 seconds 
========================================================================
Received Prepare
Registering precompiled user dll's ...
Registered in 0.013711 seconds.
Begin MonoManager ReloadAssembly
Native extension for UWP target not found
Native extension for LinuxStandalone target not found
Native extension for WindowsStandalone target not found
Native extension for AppleTV target not found
Native extension for iOS target not found
Native extension for Android target not found
Native extension for OSXStandalone target not found
Native extension for WebGL target not found
Refreshing native plugins compatible for Editor in 0.93 ms, found 3 plugins.
Preloading 0 native plugins for Editor in 0.00 ms.
Mono: successfully reloaded assembly
- Completed reload, in  2.148 seconds
Domain Reload Profiling:
	ReloadAssembly (2151ms)
		BeginReloadAssembly (380ms)
			ExecutionOrderSort (0ms)
			DisableScriptedObjects (14ms)
			BackupInstance (0ms)
			ReleaseScriptingObjects (0ms)
			CreateAndSetChildDomain (112ms)
		EndReloadAssembly (1562ms)
			LoadAssemblies (246ms)
			RebuildTransferFunctionScriptingTraits (0ms)
			SetupTypeCache (479ms)
				TypeCache.Initialize (473ms)
					TypeCache.ScanAssembly (462ms)
				ResolveRequiredComponents (5ms)
			ReleaseScriptCaches (2ms)
			RebuildScriptCaches (66ms)
			SetupLoadedEditorAssemblies (743ms)
				LogAssemblyErrors (0ms)
				InitializePlatformSupportModulesInManaged (109ms)
				SetLoadedEditorAssemblies (10ms)
				RefreshPlugins (1ms)
				BeforeProcessingInitializeOnLoad (119ms)
				ProcessInitializeOnLoadAttributes (436ms)
				ProcessInitializeOnLoadMethodAttributes (27ms)
				AfterProcessingInitializeOnLoad (40ms)
				EditorAssembliesLoaded (0ms)
			ExecutionOrderSort2 (0ms)
			AwakeInstancesAfterBackupRestoration (9ms)
Platform modules already initialized, skipping
Refreshing native plugins compatible for Editor in 3.55 ms, found 3 plugins.
Preloading 0 native plugins for Editor in 0.00 ms.
Unloading 3085 Unused Serialized files (Serialized files now loaded: 0)
Unloading 16 unused Assets / (25.4 KB). Loaded Objects now: 3658.
Memory consumption went from 486.2 MB to 486.2 MB.
Total: 3.990100 ms (FindLiveObjects: 0.284100 ms CreateObjectMapping: 0.149600 ms MarkObjects: 3.517100 ms  DeleteObjects: 0.037700 ms)

AssetImportParameters requested are different than current active one (requested -> active):
  custom:video-decoder-ogg-theora: a1e56fd34408186e4bbccfd4996cb3dc -> 
  custom:container-muxer-webm: aa71ff27fc2769a1b78a27578f13a17b -> 
  custom:container-demuxer-webm: 4f35f7cbe854078d1ac9338744f61a02 -> 
  custom:video-encoder-webm-vp8: eb34c28f22e8b96e1ab97ce403110664 -> 
  custom:audio-encoder-webm-vorbis: bf7c407c2cedff20999df2af8eb42d56 -> 
  custom:framework-win-MediaFoundation: 216162199b28c13a410421893ffa2e32 -> 
  custom:container-demuxer-ogg: 62fdf1f143b41e24485cea50d1cbac27 -> 
  custom:video-decoder-webm-vp8: 9c59270c3fd7afecdb556c50c9e8de78 -> 
  custom:audio-decoder-ogg-vorbis: bf7c407c2cedff20999df2af8eb42d56 -> 
========================================================================
Received Import Request.
  Time since last request: 1319.200946 seconds.
  path: Assets/Male Sitting Pose.fbx
  artifactKey: Guid(7a8d125f84fefdc4a9aaca235c962017) Importer(815301076,1909f56bfc062723c751e8b465ee728b)
Start importing Assets/Male Sitting Pose.fbx using Guid(7a8d125f84fefdc4a9aaca235c962017) Importer(815301076,1909f56bfc062723c751e8b465ee728b)  -> (artifact id: 'e5127b5cb034ae8c70852afae16dd2ab') in 0.244232 seconds 
========================================================================
Received Prepare
Registering precompiled user dll's ...
Registered in 0.013009 seconds.
Begin MonoManager ReloadAssembly
Native extension for UWP target not found
Native extension for LinuxStandalone target not found
Native extension for WindowsStandalone target not found
Native extension for AppleTV target not found
Native extension for iOS target not found
Native extension for Android target not found
Native extension for OSXStandalone target not found
Native extension for WebGL target not found
Refreshing native plugins compatible for Editor in 1.05 ms, found 3 plugins.
Preloading 0 native plugins for Editor in 0.00 ms.
Mono: successfully reloaded assembly
- Completed reload, in  2.231 seconds
Domain Reload Profiling:
	ReloadAssembly (2232ms)
		BeginReloadAssembly (286ms)
			ExecutionOrderSort (0ms)
			DisableScriptedObjects (7ms)
			BackupInstance (0ms)
			ReleaseScriptingObjects (0ms)
			CreateAndSetChildDomain (54ms)
		EndReloadAssembly (1701ms)
			LoadAssemblies (233ms)
			RebuildTransferFunctionScriptingTraits (0ms)
			SetupTypeCache (476ms)
				TypeCache.Initialize (461ms)
					TypeCache.ScanAssembly (451ms)
				ResolveRequiredComponents (16ms)
			ReleaseScriptCaches (2ms)
			RebuildScriptCaches (77ms)
			SetupLoadedEditorAssemblies (836ms)
				LogAssemblyErrors (0ms)
				InitializePlatformSupportModulesInManaged (125ms)
				SetLoadedEditorAssemblies (11ms)
				RefreshPlugins (1ms)
				BeforeProcessingInitializeOnLoad (133ms)
				ProcessInitializeOnLoadAttributes (477ms)
				ProcessInitializeOnLoadMethodAttributes (36ms)
				AfterProcessingInitializeOnLoad (52ms)
				EditorAssembliesLoaded (0ms)
			ExecutionOrderSort2 (0ms)
			AwakeInstancesAfterBackupRestoration (10ms)
Platform modules already initialized, skipping
Refreshing native plugins compatible for Editor in 4.27 ms, found 3 plugins.
Preloading 0 native plugins for Editor in 0.00 ms.
Unloading 3085 Unused Serialized files (Serialized files now loaded: 0)
Unloading 16 unused Assets / (25.5 KB). Loaded Objects now: 3661.
Memory consumption went from 486.3 MB to 486.3 MB.
Total: 4.647300 ms (FindLiveObjects: 0.321000 ms CreateObjectMapping: 0.141400 ms MarkObjects: 4.141900 ms  DeleteObjects: 0.041600 ms)

AssetImportParameters requested are different than current active one (requested -> active):
  custom:video-decoder-ogg-theora: a1e56fd34408186e4bbccfd4996cb3dc -> 
  custom:container-muxer-webm: aa71ff27fc2769a1b78a27578f13a17b -> 
  custom:container-demuxer-webm: 4f35f7cbe854078d1ac9338744f61a02 -> 
  custom:video-encoder-webm-vp8: eb34c28f22e8b96e1ab97ce403110664 -> 
  custom:audio-encoder-webm-vorbis: bf7c407c2cedff20999df2af8eb42d56 -> 
  custom:framework-win-MediaFoundation: 216162199b28c13a410421893ffa2e32 -> 
  custom:container-demuxer-ogg: 62fdf1f143b41e24485cea50d1cbac27 -> 
  custom:video-decoder-webm-vp8: 9c59270c3fd7afecdb556c50c9e8de78 -> 
  custom:audio-decoder-ogg-vorbis: bf7c407c2cedff20999df2af8eb42d56 -> 
========================================================================
Received Prepare
Registering precompiled user dll's ...
Registered in 0.016459 seconds.
Begin MonoManager ReloadAssembly
Native extension for UWP target not found
Native extension for LinuxStandalone target not found
Native extension for WindowsStandalone target not found
Native extension for AppleTV target not found
Native extension for iOS target not found
Native extension for Android target not found
Native extension for OSXStandalone target not found
Native extension for WebGL target not found
Refreshing native plugins compatible for Editor in 1.34 ms, found 3 plugins.
Preloading 0 native plugins for Editor in 0.00 ms.
Mono: successfully reloaded assembly
- Completed reload, in  1.949 seconds
Domain Reload Profiling:
	ReloadAssembly (1950ms)
		BeginReloadAssembly (251ms)
			ExecutionOrderSort (0ms)
			DisableScriptedObjects (8ms)
			BackupInstance (0ms)
			ReleaseScriptingObjects (0ms)
			CreateAndSetChildDomain (52ms)
		EndReloadAssembly (1492ms)
			LoadAssemblies (215ms)
			RebuildTransferFunctionScriptingTraits (0ms)
			SetupTypeCache (432ms)
				TypeCache.Initialize (425ms)
					TypeCache.ScanAssembly (416ms)
				ResolveRequiredComponents (6ms)
			ReleaseScriptCaches (2ms)
			RebuildScriptCaches (68ms)
			SetupLoadedEditorAssemblies (725ms)
				LogAssemblyErrors (0ms)
				InitializePlatformSupportModulesInManaged (111ms)
				SetLoadedEditorAssemblies (11ms)
				RefreshPlugins (2ms)
				BeforeProcessingInitializeOnLoad (119ms)
				ProcessInitializeOnLoadAttributes (416ms)
				ProcessInitializeOnLoadMethodAttributes (28ms)
				AfterProcessingInitializeOnLoad (38ms)
				EditorAssembliesLoaded (0ms)
			ExecutionOrderSort2 (0ms)
			AwakeInstancesAfterBackupRestoration (9ms)
Platform modules already initialized, skipping
Refreshing native plugins compatible for Editor in 3.90 ms, found 3 plugins.
Preloading 0 native plugins for Editor in 0.00 ms.
Unloading 3086 Unused Serialized files (Serialized files now loaded: 0)
Unloading 16 unused Assets / (32.5 KB). Loaded Objects now: 3664.
Memory consumption went from 486.6 MB to 486.5 MB.
Total: 4.289600 ms (FindLiveObjects: 0.378600 ms CreateObjectMapping: 0.324400 ms MarkObjects: 3.541700 ms  DeleteObjects: 0.043000 ms)

AssetImportParameters requested are different than current active one (requested -> active):
  custom:video-decoder-ogg-theora: a1e56fd34408186e4bbccfd4996cb3dc -> 
  custom:container-muxer-webm: aa71ff27fc2769a1b78a27578f13a17b -> 
  custom:container-demuxer-webm: 4f35f7cbe854078d1ac9338744f61a02 -> 
  custom:video-encoder-webm-vp8: eb34c28f22e8b96e1ab97ce403110664 -> 
  custom:audio-encoder-webm-vorbis: bf7c407c2cedff20999df2af8eb42d56 -> 
  custom:framework-win-MediaFoundation: 216162199b28c13a410421893ffa2e32 -> 
  custom:container-demuxer-ogg: 62fdf1f143b41e24485cea50d1cbac27 -> 
  custom:video-decoder-webm-vp8: 9c59270c3fd7afecdb556c50c9e8de78 -> 
  custom:audio-decoder-ogg-vorbis: bf7c407c2cedff20999df2af8eb42d56 -> 
========================================================================
Received Prepare
Registering precompiled user dll's ...
Registered in 0.013628 seconds.
Begin MonoManager ReloadAssembly
Native extension for UWP target not found
Native extension for LinuxStandalone target not found
Native extension for WindowsStandalone target not found
Native extension for AppleTV target not found
Native extension for iOS target not found
Native extension for Android target not found
Native extension for OSXStandalone target not found
Native extension for WebGL target not found
Refreshing native plugins compatible for Editor in 0.90 ms, found 3 plugins.
Preloading 0 native plugins for Editor in 0.00 ms.
Mono: successfully reloaded assembly
- Completed reload, in  1.988 seconds
Domain Reload Profiling:
	ReloadAssembly (1990ms)
		BeginReloadAssembly (248ms)
			ExecutionOrderSort (0ms)
			DisableScriptedObjects (9ms)
			BackupInstance (0ms)
			ReleaseScriptingObjects (0ms)
			CreateAndSetChildDomain (47ms)
		EndReloadAssembly (1517ms)
			LoadAssemblies (202ms)
			RebuildTransferFunctionScriptingTraits (0ms)
			SetupTypeCache (451ms)
				TypeCache.Initialize (446ms)
					TypeCache.ScanAssembly (436ms)
				ResolveRequiredComponents (6ms)
			ReleaseScriptCaches (2ms)
			RebuildScriptCaches (57ms)
			SetupLoadedEditorAssemblies (745ms)
				LogAssemblyErrors (0ms)
				InitializePlatformSupportModulesInManaged (105ms)
				SetLoadedEditorAssemblies (10ms)
				RefreshPlugins (1ms)
				BeforeProcessingInitializeOnLoad (129ms)
				ProcessInitializeOnLoadAttributes (433ms)
				ProcessInitializeOnLoadMethodAttributes (28ms)
				AfterProcessingInitializeOnLoad (39ms)
				EditorAssembliesLoaded (0ms)
			ExecutionOrderSort2 (0ms)
			AwakeInstancesAfterBackupRestoration (9ms)
Platform modules already initialized, skipping
Refreshing native plugins compatible for Editor in 4.41 ms, found 3 plugins.
Preloading 0 native plugins for Editor in 0.00 ms.
Unloading 3086 Unused Serialized files (Serialized files now loaded: 0)
Unloading 16 unused Assets / (32.6 KB). Loaded Objects now: 3667.
Memory consumption went from 486.6 MB to 486.5 MB.
Total: 4.973500 ms (FindLiveObjects: 0.605800 ms CreateObjectMapping: 0.382100 ms MarkObjects: 3.943500 ms  DeleteObjects: 0.040800 ms)

AssetImportParameters requested are different than current active one (requested -> active):
  custom:video-decoder-ogg-theora: a1e56fd34408186e4bbccfd4996cb3dc -> 
  custom:container-muxer-webm: aa71ff27fc2769a1b78a27578f13a17b -> 
  custom:container-demuxer-webm: 4f35f7cbe854078d1ac9338744f61a02 -> 
  custom:video-encoder-webm-vp8: eb34c28f22e8b96e1ab97ce403110664 -> 
  custom:audio-encoder-webm-vorbis: bf7c407c2cedff20999df2af8eb42d56 -> 
  custom:framework-win-MediaFoundation: 216162199b28c13a410421893ffa2e32 -> 
  custom:container-demuxer-ogg: 62fdf1f143b41e24485cea50d1cbac27 -> 
  custom:video-decoder-webm-vp8: 9c59270c3fd7afecdb556c50c9e8de78 -> 
  custom:audio-decoder-ogg-vorbis: bf7c407c2cedff20999df2af8eb42d56 -> 
========================================================================
Received Import Request.
  Time since last request: 132.895875 seconds.
  path: Assets/Dont_Destroy.cs
  artifactKey: Guid(ddc91c469d529bf4894276ea0d372e6d) Importer(815301076,1909f56bfc062723c751e8b465ee728b)
Start importing Assets/Dont_Destroy.cs using Guid(ddc91c469d529bf4894276ea0d372e6d) Importer(815301076,1909f56bfc062723c751e8b465ee728b)  -> (artifact id: 'ff86ae98ea7cccefe6eba7b0e069c049') in 0.022740 seconds 
========================================================================
Received Prepare
Registering precompiled user dll's ...
Registered in 0.012708 seconds.
Begin MonoManager ReloadAssembly
Native extension for UWP target not found
Native extension for LinuxStandalone target not found
Native extension for WindowsStandalone target not found
Native extension for AppleTV target not found
Native extension for iOS target not found
Native extension for Android target not found
Native extension for OSXStandalone target not found
Native extension for WebGL target not found
Refreshing native plugins compatible for Editor in 0.83 ms, found 3 plugins.
Preloading 0 native plugins for Editor in 0.00 ms.
Mono: successfully reloaded assembly
- Completed reload, in  1.651 seconds
Domain Reload Profiling:
	ReloadAssembly (1653ms)
		BeginReloadAssembly (227ms)
			ExecutionOrderSort (0ms)
			DisableScriptedObjects (8ms)
			BackupInstance (0ms)
			ReleaseScriptingObjects (0ms)
			CreateAndSetChildDomain (41ms)
		EndReloadAssembly (1254ms)
			LoadAssemblies (171ms)
			RebuildTransferFunctionScriptingTraits (0ms)
			SetupTypeCache (352ms)
				TypeCache.Initialize (345ms)
					TypeCache.ScanAssembly (336ms)
				ResolveRequiredComponents (7ms)
			ReleaseScriptCaches (1ms)
			RebuildScriptCaches (56ms)
			SetupLoadedEditorAssemblies (628ms)
				LogAssemblyErrors (0ms)
				InitializePlatformSupportModulesInManaged (92ms)
				SetLoadedEditorAssemblies (11ms)
				RefreshPlugins (1ms)
				BeforeProcessingInitializeOnLoad (119ms)
				ProcessInitializeOnLoadAttributes (342ms)
				ProcessInitializeOnLoadMethodAttributes (25ms)
				AfterProcessingInitializeOnLoad (37ms)
				EditorAssembliesLoaded (0ms)
			ExecutionOrderSort2 (0ms)
			AwakeInstancesAfterBackupRestoration (10ms)
Platform modules already initialized, skipping
Refreshing native plugins compatible for Editor in 5.49 ms, found 3 plugins.
Preloading 0 native plugins for Editor in 0.00 ms.
Unloading 3085 Unused Serialized files (Serialized files now loaded: 0)
Unloading 16 unused Assets / (25.5 KB). Loaded Objects now: 3670.
Memory consumption went from 486.3 MB to 486.3 MB.
Total: 4.871300 ms (FindLiveObjects: 0.331300 ms CreateObjectMapping: 0.143000 ms MarkObjects: 4.355300 ms  DeleteObjects: 0.040300 ms)

AssetImportParameters requested are different than current active one (requested -> active):
  custom:video-decoder-ogg-theora: a1e56fd34408186e4bbccfd4996cb3dc -> 
  custom:container-muxer-webm: aa71ff27fc2769a1b78a27578f13a17b -> 
  custom:container-demuxer-webm: 4f35f7cbe854078d1ac9338744f61a02 -> 
  custom:video-encoder-webm-vp8: eb34c28f22e8b96e1ab97ce403110664 -> 
  custom:audio-encoder-webm-vorbis: bf7c407c2cedff20999df2af8eb42d56 -> 
  custom:framework-win-MediaFoundation: 216162199b28c13a410421893ffa2e32 -> 
  custom:container-demuxer-ogg: 62fdf1f143b41e24485cea50d1cbac27 -> 
  custom:video-decoder-webm-vp8: 9c59270c3fd7afecdb556c50c9e8de78 -> 
  custom:audio-decoder-ogg-vorbis: bf7c407c2cedff20999df2af8eb42d56 -> 
========================================================================
Received Prepare
Registering precompiled user dll's ...
Registered in 0.012991 seconds.
Begin MonoManager ReloadAssembly
Native extension for UWP target not found
Native extension for LinuxStandalone target not found
Native extension for WindowsStandalone target not found
Native extension for AppleTV target not found
Native extension for iOS target not found
Native extension for Android target not found
Native extension for OSXStandalone target not found
Native extension for WebGL target not found
Refreshing native plugins compatible for Editor in 1.27 ms, found 3 plugins.
Preloading 0 native plugins for Editor in 0.00 ms.
Mono: successfully reloaded assembly
- Completed reload, in  2.329 seconds
Domain Reload Profiling:
	ReloadAssembly (2331ms)
		BeginReloadAssembly (347ms)
			ExecutionOrderSort (0ms)
			DisableScriptedObjects (12ms)
			BackupInstance (0ms)
			ReleaseScriptingObjects (0ms)
			CreateAndSetChildDomain (67ms)
		EndReloadAssembly (1745ms)
			LoadAssemblies (260ms)
			RebuildTransferFunctionScriptingTraits (0ms)
			SetupTypeCache (494ms)
				TypeCache.Initialize (486ms)
					TypeCache.ScanAssembly (476ms)
				ResolveRequiredComponents (7ms)
			ReleaseScriptCaches (2ms)
			RebuildScriptCaches (75ms)
			SetupLoadedEditorAssemblies (871ms)
				LogAssemblyErrors (0ms)
				InitializePlatformSupportModulesInManaged (139ms)
				SetLoadedEditorAssemblies (13ms)
				RefreshPlugins (1ms)
				BeforeProcessingInitializeOnLoad (147ms)
				ProcessInitializeOnLoadAttributes (491ms)
				ProcessInitializeOnLoadMethodAttributes (34ms)
				AfterProcessingInitializeOnLoad (45ms)
				EditorAssembliesLoaded (0ms)
			ExecutionOrderSort2 (0ms)
			AwakeInstancesAfterBackupRestoration (10ms)
Platform modules already initialized, skipping
Refreshing native plugins compatible for Editor in 4.52 ms, found 3 plugins.
Preloading 0 native plugins for Editor in 0.00 ms.
Unloading 3086 Unused Serialized files (Serialized files now loaded: 0)
Unloading 16 unused Assets / (32.5 KB). Loaded Objects now: 3673.
Memory consumption went from 486.6 MB to 486.6 MB.
Total: 4.719900 ms (FindLiveObjects: 0.379400 ms CreateObjectMapping: 0.270800 ms MarkObjects: 4.019600 ms  DeleteObjects: 0.048800 ms)

AssetImportParameters requested are different than current active one (requested -> active):
  custom:video-decoder-ogg-theora: a1e56fd34408186e4bbccfd4996cb3dc -> 
  custom:container-muxer-webm: aa71ff27fc2769a1b78a27578f13a17b -> 
  custom:container-demuxer-webm: 4f35f7cbe854078d1ac9338744f61a02 -> 
  custom:video-encoder-webm-vp8: eb34c28f22e8b96e1ab97ce403110664 -> 
  custom:audio-encoder-webm-vorbis: bf7c407c2cedff20999df2af8eb42d56 -> 
  custom:framework-win-MediaFoundation: 216162199b28c13a410421893ffa2e32 -> 
  custom:container-demuxer-ogg: 62fdf1f143b41e24485cea50d1cbac27 -> 
  custom:video-decoder-webm-vp8: 9c59270c3fd7afecdb556c50c9e8de78 -> 
  custom:audio-decoder-ogg-vorbis: bf7c407c2cedff20999df2af8eb42d56 -> 
========================================================================
Received Import Request.
  Time since last request: 974.950974 seconds.
  path: Assets/swords.fbx
  artifactKey: Guid(252d454ade842f44a806ad3da31c85c2) Importer(815301076,1909f56bfc062723c751e8b465ee728b)
Start importing Assets/swords.fbx using Guid(252d454ade842f44a806ad3da31c85c2) Importer(815301076,1909f56bfc062723c751e8b465ee728b)  -> (artifact id: '76216b6ac92b6b7cc725d85c35fd22e7') in 0.275884 seconds 
========================================================================
Received Import Request.
  Time since last request: 59.942052 seconds.
  path: Assets/swords.fbx
  artifactKey: Guid(252d454ade842f44a806ad3da31c85c2) Importer(815301076,1909f56bfc062723c751e8b465ee728b)
Start importing Assets/swords.fbx using Guid(252d454ade842f44a806ad3da31c85c2) Importer(815301076,1909f56bfc062723c751e8b465ee728b)  -> (artifact id: '4af15c5ff75e8dda469190071d8b69e4') in 0.085919 seconds 
========================================================================
Received Import Request.
  Time since last request: 226.056531 seconds.
  path: Assets/swords.fbx
  artifactKey: Guid(252d454ade842f44a806ad3da31c85c2) Importer(815301076,1909f56bfc062723c751e8b465ee728b)
Start importing Assets/swords.fbx using Guid(252d454ade842f44a806ad3da31c85c2) Importer(815301076,1909f56bfc062723c751e8b465ee728b)  -> (artifact id: 'b7b9e07fe142ea067b13ccce9876bc11') in 0.047267 seconds 
========================================================================
Received Import Request.
  Time since last request: 10.993662 seconds.
  path: Assets/Textures
  artifactKey: Guid(9f7aafbe831d4c84ab01c1efd836ec57) Importer(815301076,1909f56bfc062723c751e8b465ee728b)
Start importing Assets/Textures using Guid(9f7aafbe831d4c84ab01c1efd836ec57) Importer(815301076,1909f56bfc062723c751e8b465ee728b)  -> (artifact id: '5c998e05fb9dd567b2d77b43a8b76edc') in 0.020714 seconds 
========================================================================
Received Import Request.
  Time since last request: 0.029210 seconds.
  path: Assets/Textures/Material.mat
  artifactKey: Guid(fbdd5d6930b1b3443a27ca84f6d2c4e7) Importer(815301076,1909f56bfc062723c751e8b465ee728b)
Start importing Assets/Textures/Material.mat using Guid(fbdd5d6930b1b3443a27ca84f6d2c4e7) Importer(815301076,1909f56bfc062723c751e8b465ee728b)  -> (artifact id: 'f6ec2e2aa9727238c38ba5da8afc155e') in 0.059684 seconds 
========================================================================
Received Import Request.
  Time since last request: 0.000029 seconds.
  path: Assets/Textures/Paladin_diffuse.png
  artifactKey: Guid(0d9f4b41e6de2fd4b8b693dc81389fb2) Importer(815301076,1909f56bfc062723c751e8b465ee728b)
Start importing Assets/Textures/Paladin_diffuse.png using Guid(0d9f4b41e6de2fd4b8b693dc81389fb2) Importer(815301076,1909f56bfc062723c751e8b465ee728b)  -> (artifact id: 'abc5d415bc00389353550d1177ebe94f') in 0.092645 seconds 
========================================================================
Received Import Request.
  Time since last request: 0.000038 seconds.
  path: Assets/Textures/Paladin_specular.png
  artifactKey: Guid(bb0c041fc89f07343b18b563210c3181) Importer(815301076,1909f56bfc062723c751e8b465ee728b)
Start importing Assets/Textures/Paladin_specular.png using Guid(bb0c041fc89f07343b18b563210c3181) Importer(815301076,1909f56bfc062723c751e8b465ee728b)  -> (artifact id: 'ccc4a06f3c1f102fc869d363239816ba') in 0.049472 seconds 
========================================================================
Received Import Request.
  Time since last request: 0.000042 seconds.
  path: Assets/Textures/Paladin_normal.png
  artifactKey: Guid(bd9267f09ec899d4a83a4d9303ac922a) Importer(815301076,1909f56bfc062723c751e8b465ee728b)
Start importing Assets/Textures/Paladin_normal.png using Guid(bd9267f09ec899d4a83a4d9303ac922a) Importer(815301076,1909f56bfc062723c751e8b465ee728b)  -> (artifact id: 'b6b2478bd84d6ef981dc7b3b800115ca') in 0.086976 seconds 
========================================================================
Received Import Request.
  Time since last request: 66.958173 seconds.
  path: Assets/swords.fbx
  artifactKey: Guid(252d454ade842f44a806ad3da31c85c2) Importer(815301076,1909f56bfc062723c751e8b465ee728b)
Start importing Assets/swords.fbx using Guid(252d454ade842f44a806ad3da31c85c2) Importer(815301076,1909f56bfc062723c751e8b465ee728b)  -> (artifact id: '81c0c188d142750b0f10ab35f5edb822') in 0.036935 seconds 
========================================================================
Received Import Request.
  Time since last request: 97.502729 seconds.
  path: Assets/Textures/sword.png
  artifactKey: Guid(2c39bf7ffe571f54cb09687a36dae139) Importer(815301076,1909f56bfc062723c751e8b465ee728b)
Start importing Assets/Textures/sword.png using Guid(2c39bf7ffe571f54cb09687a36dae139) Importer(815301076,1909f56bfc062723c751e8b465ee728b)  -> (artifact id: 'd46fad5cfbeed5b81c20ba7d88a91ea6') in 0.049542 seconds 
========================================================================
Received Import Request.
  Time since last request: 847.918057 seconds.
  path: Assets/Textures/Material.mat
  artifactKey: Guid(fbdd5d6930b1b3443a27ca84f6d2c4e7) Importer(815301076,1909f56bfc062723c751e8b465ee728b)
Start importing Assets/Textures/Material.mat using Guid(fbdd5d6930b1b3443a27ca84f6d2c4e7) Importer(815301076,1909f56bfc062723c751e8b465ee728b)  -> (artifact id: '394009a8a945698b9e0c17a29e35442d') in 0.152822 seconds 
